Log file open, 11/25/16 00:53:21
LogInit:Display: Running engine for game: Mobup
LogPlatformFile: Not using cached read wrapper
LogInit:Display: RandInit(936935680) SRandInit(936935680).
LogTaskGraph: Started task graph with 5 named threads and 8 total threads with 1 sets of task threads.
LogStats: Stats thread started at 0.105092
LogPluginManager: Loaded Plugin Paper2D, From C:/Program Files (x86)/Epic Games/4.13/Engine/Plugins/2D/Paper2D/Paper2D.uplugin
LogPluginManager: Loaded Plugin LightPropagationVolume, From C:/Program Files (x86)/Epic Games/4.13/Engine/Plugins/Blendables/LightPropagationVolume/LightPropagationVolume.uplugin
LogPluginManager: Loaded Plugin BlankPlugin, From C:/Program Files (x86)/Epic Games/4.13/Engine/Plugins/Developer/BlankPlugin/BlankPlugin.uplugin
LogPluginManager: Loaded Plugin CodeLiteSourceCodeAccess, From C:/Program Files (x86)/Epic Games/4.13/Engine/Plugins/Developer/CodeLiteSourceCodeAccess/CodeLiteSourceCodeAccess.uplugin
LogPluginManager: Loaded Plugin GitSourceControl, From C:/Program Files (x86)/Epic Games/4.13/Engine/Plugins/Developer/GitSourceControl/GitSourceControl.uplugin
LogPluginManager: Loaded Plugin KDevelopSourceCodeAccess, From C:/Program Files (x86)/Epic Games/4.13/Engine/Plugins/Developer/KDevelopSourceCodeAccess/KDevelopSourceCodeAccess.uplugin
LogPluginManager: Loaded Plugin NullSourceCodeAccess, From C:/Program Files (x86)/Epic Games/4.13/Engine/Plugins/Developer/NullSourceCodeAccess/NullSourceCodeAccess.uplugin
LogPluginManager: Loaded Plugin OneSkyLocalizationService, From C:/Program Files (x86)/Epic Games/4.13/Engine/Plugins/Developer/OneSkyLocalizationService/OneSkyLocalizationService.uplugin
LogPluginManager: Loaded Plugin PerforceSourceControl, From C:/Program Files (x86)/Epic Games/4.13/Engine/Plugins/Developer/PerforceSourceControl/PerforceSourceControl.uplugin
LogPluginManager: Loaded Plugin SubversionSourceControl, From C:/Program Files (x86)/Epic Games/4.13/Engine/Plugins/Developer/SubversionSourceControl/SubversionSourceControl.uplugin
LogPluginManager: Loaded Plugin UObjectPlugin, From C:/Program Files (x86)/Epic Games/4.13/Engine/Plugins/Developer/UObjectPlugin/UObjectPlugin.uplugin
LogPluginManager: Loaded Plugin VisualStudioSourceCodeAccess, From C:/Program Files (x86)/Epic Games/4.13/Engine/Plugins/Developer/VisualStudioSourceCodeAccess/VisualStudioSourceCodeAccess.uplugin
LogPluginManager: Loaded Plugin XCodeSourceCodeAccess, From C:/Program Files (x86)/Epic Games/4.13/Engine/Plugins/Developer/XCodeSourceCodeAccess/XCodeSourceCodeAccess.uplugin
LogPluginManager: Loaded Plugin EpicSurvey, From C:/Program Files (x86)/Epic Games/4.13/Engine/Plugins/Editor/EpicSurvey/EpicSurvey.uplugin
LogPluginManager: Loaded Plugin MacGraphicsSwitching, From C:/Program Files (x86)/Epic Games/4.13/Engine/Plugins/Editor/MacGraphicsSwitching/MacGraphicsSwitching.uplugin
LogPluginManager: Loaded Plugin MobileLauncherProfileWizard, From C:/Program Files (x86)/Epic Games/4.13/Engine/Plugins/Editor/MobileLauncherProfileWizard/MobileLauncherProfileWizard.uplugin
LogPluginManager: Loaded Plugin PluginBrowser, From C:/Program Files (x86)/Epic Games/4.13/Engine/Plugins/Editor/PluginBrowser/PluginBrowser.uplugin
LogPluginManager: Loaded Plugin SpeedTreeImporter, From C:/Program Files (x86)/Epic Games/4.13/Engine/Plugins/Editor/SpeedTreeImporter/SpeedTreeImporter.uplugin
LogPluginManager: Loaded Plugin SuperSearchEditor, From C:/Program Files (x86)/Epic Games/4.13/Engine/Plugins/Editor/SuperSearchEditor/SuperSearchEditor.uplugin
LogPluginManager: Loaded Plugin AlembicImporter, From C:/Program Files (x86)/Epic Games/4.13/Engine/Plugins/Experimental/AlembicImporter/AlembicImporter.uplugin
LogPluginManager: Loaded Plugin BlueprintStats, From C:/Program Files (x86)/Epic Games/4.13/Engine/Plugins/Experimental/BlueprintStats/BlueprintStats.uplugin
LogPluginManager: Loaded Plugin CharacterAI, From C:/Program Files (x86)/Epic Games/4.13/Engine/Plugins/Experimental/CharacterAI/CharacterAI.uplugin
LogPluginManager: Loaded Plugin CodeEditor, From C:/Program Files (x86)/Epic Games/4.13/Engine/Plugins/Experimental/CodeEditor/CodeEditor.uplugin
LogPluginManager: Loaded Plugin CodeView, From C:/Program Files (x86)/Epic Games/4.13/Engine/Plugins/Experimental/CodeView/CodeView.uplugin
LogPluginManager: Loaded Plugin HTML5Networking, From C:/Program Files (x86)/Epic Games/4.13/Engine/Plugins/Experimental/HTML5Networking/HTML5Networking.uplugin
LogPluginManager: Loaded Plugin LiveEditor, From C:/Program Files (x86)/Epic Games/4.13/Engine/Plugins/Experimental/LiveEditor/LiveEditor.uplugin
LogPluginManager: Loaded Plugin OSVR, From C:/Program Files (x86)/Epic Games/4.13/Engine/Plugins/Experimental/OSVR/OSVR.uplugin
LogPluginManager: Loaded Plugin Phya, From C:/Program Files (x86)/Epic Games/4.13/Engine/Plugins/Experimental/Phya/Phya.uplugin
LogPluginManager: Loaded Plugin SignificanceManager, From C:/Program Files (x86)/Epic Games/4.13/Engine/Plugins/Experimental/SignificanceManager/SignificanceManager.uplugin
LogPluginManager: Loaded Plugin SimpleHMD, From C:/Program Files (x86)/Epic Games/4.13/Engine/Plugins/Experimental/SimpleHMD/SimpleHMD.uplugin
LogPluginManager: Loaded Plugin StereoPanorama, From C:/Program Files (x86)/Epic Games/4.13/Engine/Plugins/Experimental/StereoPanorama/StereoPanorama.uplugin
LogPluginManager: Loaded Plugin StructBox, From C:/Program Files (x86)/Epic Games/4.13/Engine/Plugins/Experimental/StructBox/StructBox.uplugin
LogPluginManager: Loaded Plugin AndroidMedia, From C:/Program Files (x86)/Epic Games/4.13/Engine/Plugins/Media/AndroidMedia/AndroidMedia.uplugin
LogPluginManager: Loaded Plugin AvfMedia, From C:/Program Files (x86)/Epic Games/4.13/Engine/Plugins/Media/AvfMedia/AvfMedia.uplugin
LogPluginManager: Loaded Plugin MediaPlayerEditor, From C:/Program Files (x86)/Epic Games/4.13/Engine/Plugins/Media/MediaPlayerEditor/MediaPlayerEditor.uplugin
LogPluginManager: Loaded Plugin WmfMedia, From C:/Program Files (x86)/Epic Games/4.13/Engine/Plugins/Media/WmfMedia/WmfMedia.uplugin
LogPluginManager: Loaded Plugin MessagingDebugger, From C:/Program Files (x86)/Epic Games/4.13/Engine/Plugins/Messaging/MessagingDebugger/MessagingDebugger.uplugin
LogPluginManager: Loaded Plugin TcpMessaging, From C:/Program Files (x86)/Epic Games/4.13/Engine/Plugins/Messaging/TcpMessaging/TcpMessaging.uplugin
LogPluginManager: Loaded Plugin UdpMessaging, From C:/Program Files (x86)/Epic Games/4.13/Engine/Plugins/Messaging/UdpMessaging/UdpMessaging.uplugin
LogPluginManager: Loaded Plugin LevelSequenceEditor, From C:/Program Files (x86)/Epic Games/4.13/Engine/Plugins/MovieScene/LevelSequenceEditor/LevelSequenceEditor.uplugin
LogPluginManager: Loaded Plugin MatineeToLevelSequence, From C:/Program Files (x86)/Epic Games/4.13/Engine/Plugins/MovieScene/MatineeToLevelSequence/MatineeToLevelSequence.uplugin
LogPluginManager: Loaded Plugin NetcodeUnitTest, From C:/Program Files (x86)/Epic Games/4.13/Engine/Plugins/NetcodeUnitTest/NetcodeUnitTest/NetcodeUnitTest.uplugin
LogPluginManager: Loaded Plugin NUTUnrealEngine4, From C:/Program Files (x86)/Epic Games/4.13/Engine/Plugins/NetcodeUnitTest/NUTUnrealEngine4/NUTUnrealEngine4.uplugin
LogPluginManager: Loaded Plugin OnlineSubsystemGooglePlay, From C:/Program Files (x86)/Epic Games/4.13/Engine/Plugins/Online/Android/OnlineSubsystemGooglePlay/OnlineSubsystemGooglePlay.uplugin
LogPluginManager: Loaded Plugin OnlineSubsystemIOS, From C:/Program Files (x86)/Epic Games/4.13/Engine/Plugins/Online/IOS/OnlineSubsystemIOS/OnlineSubsystemIOS.uplugin
LogPluginManager: Loaded Plugin OnlineFramework, From C:/Program Files (x86)/Epic Games/4.13/Engine/Plugins/Online/OnlineFramework/OnlineFramework.uplugin
LogPluginManager: Loaded Plugin OnlineSubsystem, From C:/Program Files (x86)/Epic Games/4.13/Engine/Plugins/Online/OnlineSubsystem/OnlineSubsystem.uplugin
LogPluginManager: Loaded Plugin OnlineSubsystemAmazon, From C:/Program Files (x86)/Epic Games/4.13/Engine/Plugins/Online/OnlineSubsystemAmazon/OnlineSubsystemAmazon.uplugin
LogPluginManager: Loaded Plugin OnlineSubsystemFacebook, From C:/Program Files (x86)/Epic Games/4.13/Engine/Plugins/Online/OnlineSubsystemFacebook/OnlineSubsystemFacebook.uplugin
LogPluginManager: Loaded Plugin OnlineSubsystemNull, From C:/Program Files (x86)/Epic Games/4.13/Engine/Plugins/Online/OnlineSubsystemNull/OnlineSubsystemNull.uplugin
LogPluginManager: Loaded Plugin OnlineSubsystemOculus, From C:/Program Files (x86)/Epic Games/4.13/Engine/Plugins/Online/OnlineSubsystemOculus/OnlineSubsystemOculus.uplugin
LogPluginManager: Loaded Plugin OnlineSubsystemSteam, From C:/Program Files (x86)/Epic Games/4.13/Engine/Plugins/Online/OnlineSubsystemSteam/OnlineSubsystemSteam.uplugin
LogPluginManager: Loaded Plugin OnlineSubsystemUtils, From C:/Program Files (x86)/Epic Games/4.13/Engine/Plugins/Online/OnlineSubsystemUtils/OnlineSubsystemUtils.uplugin
LogPluginManager: Loaded Plugin IOSTapJoy, From C:/Program Files (x86)/Epic Games/4.13/Engine/Plugins/Runtime/Advertising/IOSTapJoy/IOSTapJoy.uplugin
LogPluginManager: Loaded Plugin AnalyticsBlueprintLibrary, From C:/Program Files (x86)/Epic Games/4.13/Engine/Plugins/Runtime/Analytics/AnalyticsBlueprintLibrary/AnalyticsBlueprintLibrary.uplugin
LogPluginManager: Loaded Plugin AnalyticsMulticast, From C:/Program Files (x86)/Epic Games/4.13/Engine/Plugins/Runtime/Analytics/AnalyticsMulticast/AnalyticsMulticast.uplugin
LogPluginManager: Loaded Plugin Apsalar, From C:/Program Files (x86)/Epic Games/4.13/Engine/Plugins/Runtime/Analytics/Apsalar/Apsalar.uplugin
LogPluginManager: Loaded Plugin FileLogging, From C:/Program Files (x86)/Epic Games/4.13/Engine/Plugins/Runtime/Analytics/FileLogging/FileLogging.uplugin
LogPluginManager: Loaded Plugin Flurry, From C:/Program Files (x86)/Epic Games/4.13/Engine/Plugins/Runtime/Analytics/Flurry/Flurry.uplugin
LogPluginManager: Loaded Plugin AndroidDeviceProfileSelector, From C:/Program Files (x86)/Epic Games/4.13/Engine/Plugins/Runtime/AndroidDeviceProfileSelector/AndroidDeviceProfileSelector.uplugin
LogPluginManager: Loaded Plugin AndroidMoviePlayer, From C:/Program Files (x86)/Epic Games/4.13/Engine/Plugins/Runtime/AndroidMoviePlayer/AndroidMoviePlayer.uplugin
LogPluginManager: Loaded Plugin AppleMoviePlayer, From C:/Program Files (x86)/Epic Games/4.13/Engine/Plugins/Runtime/AppleMoviePlayer/AppleMoviePlayer.uplugin
LogPluginManager: Loaded Plugin ArchVisCharacter, From C:/Program Files (x86)/Epic Games/4.13/Engine/Plugins/Runtime/ArchVisCharacter/ArchVisCharacter.uplugin
LogPluginManager: Loaded Plugin CableComponent, From C:/Program Files (x86)/Epic Games/4.13/Engine/Plugins/Runtime/CableComponent/CableComponent.uplugin
LogPluginManager: Loaded Plugin CustomMeshComponent, From C:/Program Files (x86)/Epic Games/4.13/Engine/Plugins/Runtime/CustomMeshComponent/CustomMeshComponent.uplugin
LogPluginManager: Loaded Plugin ExampleDeviceProfileSelector, From C:/Program Files (x86)/Epic Games/4.13/Engine/Plugins/Runtime/ExampleDeviceProfileSelector/ExampleDeviceProfileSelector.uplugin
LogPluginManager: Loaded Plugin GearVR, From C:/Program Files (x86)/Epic Games/4.13/Engine/Plugins/Runtime/GearVR/GearVR.uplugin
LogPluginManager: Loaded Plugin GoogleVRController, From C:/Program Files (x86)/Epic Games/4.13/Engine/Plugins/Runtime/GoogleVR/GoogleVRController/GoogleVRController.uplugin
LogPluginManager: Loaded Plugin GoogleVRHMD, From C:/Program Files (x86)/Epic Games/4.13/Engine/Plugins/Runtime/GoogleVR/GoogleVRHMD/GoogleVRHMD.uplugin
LogPluginManager: Loaded Plugin IOSDeviceProfileSelector, From C:/Program Files (x86)/Epic Games/4.13/Engine/Plugins/Runtime/IOSDeviceProfileSelector/IOSDeviceProfileSelector.uplugin
LogPluginManager: Loaded Plugin LeapMotion, From C:/Program Files (x86)/Epic Games/4.13/Engine/Plugins/Runtime/LeapMotion/LeapMotion.uplugin
LogPluginManager: Loaded Plugin LinuxDeviceProfileSelector, From C:/Program Files (x86)/Epic Games/4.13/Engine/Plugins/Runtime/LinuxDeviceProfileSelector/LinuxDeviceProfileSelector.uplugin
LogPluginManager: Loaded Plugin LiveEditorListenServer, From C:/Program Files (x86)/Epic Games/4.13/Engine/Plugins/Runtime/LiveEditorListenServer/LiveEditorListenServer.uplugin
LogPluginManager: Loaded Plugin OculusAudio, From C:/Program Files (x86)/Epic Games/4.13/Engine/Plugins/Runtime/OculusAudio/OculusAudio.uplugin
LogPluginManager: Loaded Plugin OculusInput, From C:/Program Files (x86)/Epic Games/4.13/Engine/Plugins/Runtime/OculusInput/OculusInput.uplugin
LogPluginManager: Loaded Plugin OculusLibrary, From C:/Program Files (x86)/Epic Games/4.13/Engine/Plugins/Runtime/OculusLibrary/OculusLibrary.uplugin
LogPluginManager: Loaded Plugin OculusRift, From C:/Program Files (x86)/Epic Games/4.13/Engine/Plugins/Runtime/OculusRift/OculusRift.uplugin
LogPluginManager: Loaded Plugin Oodle, From C:/Program Files (x86)/Epic Games/4.13/Engine/Plugins/Runtime/PacketHandlers/CompressionComponents/Oodle/Oodle.uplugin
LogPluginManager: Loaded Plugin ProceduralMeshComponent, From C:/Program Files (x86)/Epic Games/4.13/Engine/Plugins/Runtime/ProceduralMeshComponent/ProceduralMeshComponent.uplugin
LogPluginManager: Loaded Plugin SoundMod, From C:/Program Files (x86)/Epic Games/4.13/Engine/Plugins/Runtime/SoundMod/SoundMod.uplugin
LogPluginManager: Loaded Plugin SoundVisualizations, From C:/Program Files (x86)/Epic Games/4.13/Engine/Plugins/Runtime/SoundVisualizations/SoundVisualizations.uplugin
LogPluginManager: Loaded Plugin SteamController, From C:/Program Files (x86)/Epic Games/4.13/Engine/Plugins/Runtime/Steam/SteamController/SteamController.uplugin
LogPluginManager: Loaded Plugin SteamVR, From C:/Program Files (x86)/Epic Games/4.13/Engine/Plugins/Runtime/Steam/SteamVR/SteamVR.uplugin
LogPluginManager: Loaded Plugin WebBrowserWidget, From C:/Program Files (x86)/Epic Games/4.13/Engine/Plugins/Runtime/WebBrowserWidget/WebBrowserWidget.uplugin
LogPluginManager: Loaded Plugin WindowsDeviceProfileSelector, From C:/Program Files (x86)/Epic Games/4.13/Engine/Plugins/Runtime/WindowsDeviceProfileSelector/WindowsDeviceProfileSelector.uplugin
LogPluginManager: Loaded Plugin WindowsMoviePlayer, From C:/Program Files (x86)/Epic Games/4.13/Engine/Plugins/Runtime/WindowsMoviePlayer/WindowsMoviePlayer.uplugin
LogPluginManager: Loaded Plugin ScriptPlugin, From C:/Program Files (x86)/Epic Games/4.13/Engine/Plugins/ScriptPlugin/ScriptPlugin.uplugin
LogPluginManager: Loaded Plugin SlateRemote, From C:/Program Files (x86)/Epic Games/4.13/Engine/Plugins/Slate/SlateRemote/SlateRemote.uplugin
LogInit: Using libcurl 7.47.1
LogInit:  - built for x86_64-pc-win32
LogInit:  - supports SSL with WinSSL
LogInit:  - other features:
LogInit:      CURL_VERSION_SSL
LogInit:      CURL_VERSION_IPV6
LogInit:      CURL_VERSION_ASYNCHDNS
LogInit:      CURL_VERSION_LARGEFILE
LogInit:      CURL_VERSION_IDN
LogInit:  CurlRequestOptions (configurable via config and command line):
LogInit:  - bVerifyPeer = false  - Libcurl will NOT verify peer certificate
LogInit:  - bUseHttpProxy = false  - Libcurl will NOT use HTTP proxy
LogInit:  - bDontReuseConnections = false  - Libcurl will reuse connections
LogInit:  - CertBundlePath = nullptr  - Libcurl will use whatever was configured at build time.
LogInit: Build: ++UE4+Release-4.13-CL-3172292
LogInit: Engine Version: 4.13.2-3172292+++UE4+Release-4.13
LogInit: Compatible Engine Version: 4.13.0-3106830+++UE4+Release-4.13
LogInit: Net CL: 3172292
LogDevObjectVersion: Number of dev versions registered: 13
LogDevObjectVersion:   Dev-Blueprints (B0D832E4-1F89-4F0D-ACCF-7EB736FD4AA2): 5
LogDevObjectVersion:   Dev-Build (E1C64328-A22C-4D53-A36C-8E866417BD8C): 0
LogDevObjectVersion:   Dev-Core (375EC13C-06E4-48FB-B500-84F0262A717E): 1
LogDevObjectVersion:   Dev-Editor (E4B068ED-F494-42E9-A231-DA0B2E46BB41): 6
LogDevObjectVersion:   Dev-Framework (CFFC743F-43B0-4480-9391-14DF171D2073): 12
LogDevObjectVersion:   Dev-Mobile (B02B49B5-BB20-44E9-A304-32B752E40360): 0
LogDevObjectVersion:   Dev-Networking (A4E4105C-59A1-49B5-A7C5-40C4547EDFEE): 0
LogDevObjectVersion:   Dev-Online (39C831C9-5AE6-47DC-9A44-9C173E1C8E7C): 0
LogDevObjectVersion:   Dev-Physics (78F01B33-EBEA-4F98-B9B4-84EACCB95AA2): 0
LogDevObjectVersion:   Dev-Platform (6631380F-2D4D-43E0-8009-CF276956A95A): 0
LogDevObjectVersion:   Dev-Rendering (12F88B9F-8875-4AFC-A67C-D90C383ABD29): 4
LogDevObjectVersion:   Dev-Sequencer (7B5AE74C-D270-4C10-A958-57980B212A5A): 0
LogDevObjectVersion:   Dev-VR (D7296918-1DD6-4BDD-9DE2-64A83CC13884): 0
LogInit: Compiled (64-bit): Oct 24 2016 14:29:06
LogInit: Compiled with Visual C++: 19.00.23026.00
LogInit: Build Configuration: Development
LogInit: Branch Name: ++UE4+Release-4.13
LogInit: Command line:  
LogInit: Base directory: C:/Program Files (x86)/Epic Games/4.13/Engine/Binaries/Win64/
LogInit: Installed Engine Build: 1
LogInit: Presizing for max 8388607 objects, including 0 objects not considered by GC, pre-allocating 0 bytes for permanent pool.
LogInit: Object subsystem initialized
[2016.11.24-16.53.21:986][  0]LogInit: Selected Device Profile: [Windows]
[2016.11.24-16.53.21:986][  0]LogInit: Applying CVar settings loaded from the selected device profile: [Windows]
[2016.11.24-16.53.22:005][  0]LogInit: Computer: DESKTOP-PHOENIX
[2016.11.24-16.53.22:005][  0]LogInit: User: ForceKevin
[2016.11.24-16.53.22:005][  0]LogInit: CPU Page size=65536, Cores=4
[2016.11.24-16.53.22:005][  0]LogInit: High frequency timer resolution =2.338447 MHz
[2016.11.24-16.53.22:006][  0]LogMemory: Memory total: Physical=7.7GB (8GB approx)
[2016.11.24-16.53.22:006][  0]LogMemory: Platform Memory Stats for Windows
[2016.11.24-16.53.22:006][  0]LogMemory: Process Physical Memory: 256.16 MB used, 256.16 MB peak
[2016.11.24-16.53.22:006][  0]LogMemory: Process Virtual Memory: 259.75 MB used, 259.75 MB peak
[2016.11.24-16.53.22:006][  0]LogMemory: Physical Memory: 3695.95 MB used, 7893.30 MB total
[2016.11.24-16.53.22:006][  0]LogMemory: Virtual Memory: 623.68 MB used, 134217728.00 MB total
[2016.11.24-16.53.22:048][  0]LogTextLocalizationManager: No translations for ('fr-FR') exist, falling back to 'en' for localization and internationalization data.
[2016.11.24-16.53.22:980][  0]LogD3D11RHI: D3D11 adapters:
[2016.11.24-16.53.23:008][  0]LogD3D11RHI:    0. 'NVIDIA GeForce GT 640M' (Feature Level 11_0)
[2016.11.24-16.53.23:008][  0]LogD3D11RHI:       994/0/3946 MB DedicatedVideo/DedicatedSystem/SharedSystem, Outputs:1, VendorId:0x10de
[2016.11.24-16.53.23:012][  0]LogD3D11RHI:    1. 'Intel(R) HD Graphics 4000' (Feature Level 11_0)
[2016.11.24-16.53.23:012][  0]LogD3D11RHI:       32/0/1760 MB DedicatedVideo/DedicatedSystem/SharedSystem, Outputs:0, VendorId:0x8086
[2016.11.24-16.53.23:014][  0]LogD3D11RHI:    2. 'Microsoft Basic Render Driver' (Feature Level 11_0)
[2016.11.24-16.53.23:014][  0]LogD3D11RHI:       0/0/3946 MB DedicatedVideo/DedicatedSystem/SharedSystem, Outputs:0, VendorId:0x1414
[2016.11.24-16.53.23:014][  0]LogD3D11RHI: Chosen D3D11 Adapter: 0
[2016.11.24-16.53.23:019][  0]LogD3D11RHI: Creating new Direct3DDevice
[2016.11.24-16.53.23:019][  0]LogD3D11RHI:     GPU DeviceId: 0xfd2 (for the marketing name, search the web for "GPU Device Id")
[2016.11.24-16.53.23:019][  0]LogWindows: EnumDisplayDevices:
[2016.11.24-16.53.23:019][  0]LogWindows:    0. 'Intel(R) HD Graphics 4000' (P:1 D:1)
[2016.11.24-16.53.23:019][  0]LogWindows:    1. 'Intel(R) HD Graphics 4000' (P:0 D:0)
[2016.11.24-16.53.23:019][  0]LogWindows:    2. 'Intel(R) HD Graphics 4000' (P:0 D:0)
[2016.11.24-16.53.23:019][  0]LogWindows: DebugString: PrimaryIsNotTheChoosenAdapter PrimaryIsNotTheChoosenAdapter PrimaryIsNotTheChoosenAdapter FoundDriverCount:0 
[2016.11.24-16.53.23:019][  0]LogD3D11RHI:     Adapter Name: NVIDIA GeForce GT 640M
[2016.11.24-16.53.23:019][  0]LogD3D11RHI:   Driver Version: Unknown (internal:Unknown, unified:Unknown)
[2016.11.24-16.53.23:019][  0]LogD3D11RHI:      Driver Date: Unknown
[2016.11.24-16.53.23:019][  0]LogRHI: Texture pool is 696 MB (70% of 994 MB)
[2016.11.24-16.53.23:033][  0]LogD3D11RHI: Async texture creation enabled
[2016.11.24-16.53.23:050][  0]LogD3D11RHI: GPU Timing Frequency: 1000.000000 (Debug: 2 2)
[2016.11.24-16.53.23:051][  0]LogShaderCompilers: Guid format shader working directory is -18 characters bigger than the processId version (../../../../../../Users/Force Kevin/Documents/Unreal Projects/Mobup/Intermediate/Shaders/WorkingDirectory/3616/).
[2016.11.24-16.53.23:051][  0]LogShaderCompilers: Cleaned the shader compiler working directory 'C:/Users/FORCEK~1/AppData/Local/Temp/UnrealShaderWorkingDir/7E563DA146F436E2EE2C45BB94DAA002/'.
[2016.11.24-16.53.23:051][  0]LogShaderCompilers:Display: Using Local Shader Compiler.
[2016.11.24-16.53.24:543][  0]LogTemp:Display: Loaded TP AllDesktopTargetPlatform
[2016.11.24-16.53.24:555][  0]LogTemp:Display: Loaded TP WindowsClientTargetPlatform
[2016.11.24-16.53.24:567][  0]LogTemp:Display: Loaded TP WindowsNoEditorTargetPlatform
[2016.11.24-16.53.24:579][  0]LogTemp:Display: Loaded TP WindowsServerTargetPlatform
[2016.11.24-16.53.24:589][  0]LogTemp:Display: Loaded TP WindowsTargetPlatform
[2016.11.24-16.53.24:598][  0]LogTemp:Display: Loaded TP AndroidTargetPlatform
[2016.11.24-16.53.24:607][  0]LogTemp:Display: Loaded TP Android_ASTCTargetPlatform
[2016.11.24-16.53.24:617][  0]LogTemp:Display: Loaded TP Android_ATCTargetPlatform
[2016.11.24-16.53.24:626][  0]LogTemp:Display: Loaded TP Android_DXTTargetPlatform
[2016.11.24-16.53.24:636][  0]LogTemp:Display: Loaded TP Android_ETC1TargetPlatform
[2016.11.24-16.53.24:645][  0]LogTemp:Display: Loaded TP Android_ETC2TargetPlatform
[2016.11.24-16.53.24:664][  0]LogTemp:Display: Loaded TP Android_MultiTargetPlatform
[2016.11.24-16.53.24:664][  0]LogTemp:Display: Loaded TP Android_PVRTCTargetPlatform
[2016.11.24-16.53.24:666][  0]LogTemp:Display: Loaded TP HTML5TargetPlatform
[2016.11.24-16.53.24:690][  0]LogTemp:Display: Loaded TP IOSTargetPlatform
[2016.11.24-16.53.24:699][  0]LogTemp:Display: Loaded TP TVOSTargetPlatform
[2016.11.24-16.53.24:708][  0]LogTemp:Display: Loaded TP LinuxClientTargetPlatform
[2016.11.24-16.53.24:717][  0]LogTemp:Display: Loaded TP LinuxNoEditorTargetPlatform
[2016.11.24-16.53.24:726][  0]LogTemp:Display: Loaded TP LinuxServerTargetPlatform
[2016.11.24-16.53.24:737][  0]LogTemp:Display: Loaded TP LinuxTargetPlatform
[2016.11.24-16.53.24:737][  0]LogTargetPlatformManager:Display: Building Assets For Windows
[2016.11.24-16.53.24:857][  0]LogDerivedDataCache:Display: Max Cache Size: 512 MB
[2016.11.24-16.53.24:938][  0]LogDerivedDataCache: Loaded boot cache 0.08s 62MB C:/Users/Force Kevin/AppData/Local/UnrealEngine/4.13/DerivedDataCache/Boot.ddc.
[2016.11.24-16.53.24:938][  0]LogDerivedDataCache:Display: Loaded Boot cache: C:/Users/Force Kevin/AppData/Local/UnrealEngine/4.13/DerivedDataCache/Boot.ddc
[2016.11.24-16.53.24:938][  0]LogDerivedDataCache: FDerivedDataBackendGraph:  Pak pak cache file ../../../../../../Users/Force Kevin/Documents/Unreal Projects/Mobup/DerivedDataCache/DDC.ddp not found, will not use a pak cache.
[2016.11.24-16.53.24:938][  0]LogDerivedDataCache: Unable to find inner node Pak for hierarchical cache Hierarchy.
[2016.11.24-16.53.24:938][  0]LogDerivedDataCache: FDerivedDataBackendGraph:  CompressedPak pak cache file ../../../../../../Users/Force Kevin/Documents/Unreal Projects/Mobup/DerivedDataCache/Compressed.ddp not found, will not use a pak cache.
[2016.11.24-16.53.24:938][  0]LogDerivedDataCache: Unable to find inner node CompressedPak for hierarchical cache Hierarchy.
[2016.11.24-16.53.24:967][  0]LogDerivedDataCache:Display: Pak cache opened for reading ../../../Engine/DerivedDataCache/Compressed.ddp.
[2016.11.24-16.53.24:980][  0]LogDerivedDataCache: Using Local data cache path C:/Users/Force Kevin/AppData/Local/UnrealEngine/Common/DerivedDataCache: Writable
[2016.11.24-16.53.25:316][  0]LogInit: Selected Device Profile: [Windows]
[2016.11.24-16.53.25:321][  0]LogContentStreaming: Texture pool size is 0.00 MB
[2016.11.24-16.53.25:476][  0]LogMeshUtilities: No automatic mesh reduction module available
[2016.11.24-16.53.25:476][  0]LogMeshUtilities: No automatic mesh merging module available
[2016.11.24-16.53.25:476][  0]LogMeshUtilities: No distributed automatic mesh merging module available
[2016.11.24-16.53.25:575][  0]LogMaterial: Uniform references updated for custom material expression Custom.
[2016.11.24-16.53.25:953][  0]LogNetVersion: GetLocalNetworkVersion: CL: 3106830, ProjectName: mobup, ProjectVersion: , EngineNetworkVersion: 1, GameNetworkVersion: 0, NetworkChecksum: 439974206
[2016.11.24-16.53.26:000][  0]LogAssetRegistry: FAssetRegistry took 0.0219 seconds to start up
[2016.11.24-16.53.26:027][  0]LogPackageLocalizationCache: Processed 3 localized package path(s) for 1 prioritized culture(s) in 0.022471 seconds
[2016.11.24-16.53.26:035][  0]LogUObjectArray: 29778 objects as part of root set at end of initial load.
[2016.11.24-16.53.26:035][  0]LogUObjectAllocator: 6125448 out of 0 bytes used by permanent object pool.
[2016.11.24-16.53.26:035][  0]LogUObjectArray: CloseDisregardForGC: 0/0 objects in disregard for GC pool
[2016.11.24-16.53.26:049][  0]LogInit: WinSock: version 1.1 (2.2), MaxSocks=32767, MaxUdp=65467
[2016.11.24-16.53.26:361][  0]LogSlate: SlateFontCache - WITH_FREETYPE: 1, WITH_HARFBUZZ: 1
[2016.11.24-16.53.26:361][  0]LogSlate: SlateFontCache - WITH_FREETYPE: 1, WITH_HARFBUZZ: 1
[2016.11.24-16.53.27:226][  0]LogTcpMessaging: Initializing TcpMessaging bridge
[2016.11.24-16.53.27:247][  0]LogUdpMessaging: Initializing bridge on interface 0.0.0.0:0 to multicast group 230.0.0.1:6666.
[2016.11.24-16.53.27:571][  0]SourceControl: Info Source control is disabled
[2016.11.24-16.53.28:542][  0]LogEngine: Initializing Engine...
[2016.11.24-16.53.28:543][  0]LogHMD: Failed to initialize OpenVR with code 110
[2016.11.24-16.53.28:721][  0]LogAIModule: Creating AISystem for world Untitled
[2016.11.24-16.53.28:728][  0]LogInit: XAudio2 using 'Haut-parleurs (Realtek High Definition Audio)' : 2 channels at 48 kHz using 32 bits per sample (channel mask 0x3)
[2016.11.24-16.53.28:741][  0]LogInit: FAudioDevice initialized.
[2016.11.24-16.53.28:774][  0]LogDerivedDataCache: Saved boot cache 0.03s 62MB C:/Users/Force Kevin/AppData/Local/UnrealEngine/4.13/DerivedDataCache/Boot.ddc.
[2016.11.24-16.53.28:784][  0]LogInit: Texture streaming: Enabled
[2016.11.24-16.53.28:815][  0]LogInit: Transaction tracking system initialized
[2016.11.24-16.53.28:848][  0]BlueprintLog: New page: Editor Load
[2016.11.24-16.53.28:960][  0]LocalizationService: Info Localization service is disabled
[2016.11.24-16.53.29:060][  0]LogConsoleResponse:Display: 
[2016.11.24-16.53.29:193][  0]LogCook:Display: Max memory allowance for cook 16384mb min free memory 0mb
[2016.11.24-16.53.29:193][  0]LogCook:Display: Mobile HDR setting 1
[2016.11.24-16.53.29:583][  0]LogFileCache: Scanning file cache for directory 'C:/Users/Force Kevin/Documents/Unreal Projects/Mobup/Content/' took 0.02s
[2016.11.24-16.53.29:584][  0]Cmd: MAP LOAD FILE="../../../../../../Users/Force Kevin/Documents/Unreal Projects/Mobup/Content/Maps/Mobup.umap" TEMPLATE=0 SHOWPROGRESS=1 FEATURELEVEL=3
[2016.11.24-16.53.29:584][  0]LightingResults: New page: Lighting Build
[2016.11.24-16.53.29:588][  0]MapCheck: New page: Map Check
[2016.11.24-16.53.29:588][  0]LightingResults: New page: Lighting Build
[2016.11.24-16.53.30:504][  0]LogAIModule: Creating AISystem for world Mobup
[2016.11.24-16.53.30:518][  0]LogEditorServer: Finished looking for orphan Actors (0.000 secs)
[2016.11.24-16.53.30:519][  0]Cmd: MAP CHECKDEP NOCLEARLOG
[2016.11.24-16.53.30:593][  0]MapCheck: Info Map check complete: 0 Error(s), 0 Warning(s), took 73.84ms to complete.
[2016.11.24-16.53.30:593][  0]LogFileHelpers: Loading map 'Mobup' took 1.009
[2016.11.24-16.53.30:786][  0]LogCollectionManager: Loaded 1 collections in 0.005512 seconds
[2016.11.24-16.53.30:834][  0]LogFileCache: Scanning file cache for directory 'C:/Users/Force Kevin/Documents/Unreal Projects/Mobup/Saved/Collections/' took 0.01s
[2016.11.24-16.53.30:834][  0]LogFileCache: Scanning file cache for directory 'C:/Users/Force Kevin/Documents/Unreal Projects/Mobup/Content/Developers/ForceKevin/Collections/' took 0.01s
[2016.11.24-16.53.30:834][  0]LogFileCache: Scanning file cache for directory 'C:/Users/Force Kevin/Documents/Unreal Projects/Mobup/Content/Collections/' took 0.01s
[2016.11.24-16.53.30:834][  0]LogCollectionManager: Rebuilt the GUID cache for 1 collections in 0.000009 seconds
[2016.11.24-16.53.30:834][  0]LogCollectionManager: Rebuilt the hierarchy cache for 1 collections in 0.000000 seconds
[2016.11.24-16.53.30:856][  0]LogContentBrowser: Native class hierarchy populated in 0.0212 seconds. Added 2141 classes and 415 folders.
[2016.11.24-16.53.30:865][  0]LogStats: UGameplayTagsManager::ConstructGameplayTagTree: Construct from data asset -  0.000 s
[2016.11.24-16.53.30:865][  0]LogStats: UGameplayTagsManager::ConstructGameplayTagTree: GameplayTagTreeChangedEvent.Broadcast -  0.000 s
[2016.11.24-16.53.30:866][  0]LogContentBrowser: Native class hierarchy updated for 'GameplayTags' in 0.0009 seconds. Added 12 classes and 0 folders.
[2016.11.24-16.53.30:885][  0]LogContentBrowser: Native class hierarchy updated for 'WidgetCarousel' in 0.0012 seconds. Added 0 classes and 0 folders.
[2016.11.24-16.53.30:963][  0]LogContentBrowser: Native class hierarchy updated for 'AddContentDialog' in 0.0009 seconds. Added 0 classes and 0 folders.
[2016.11.24-16.53.30:975][  0]LogContentBrowser: Native class hierarchy updated for 'SceneOutliner' in 0.0013 seconds. Added 1 classes and 2 folders.
[2016.11.24-16.53.31:110][  0]LogCrashTracker: Crashtracker disabled due to settings.
[2016.11.24-16.53.31:118][  0]LogUObjectGlobals:Warning: Failed to find object 'Class None.'
[2016.11.24-16.53.31:150][  0]LogContentBrowser: Native class hierarchy updated for 'HierarchicalLODOutliner' in 0.0008 seconds. Added 1 classes and 2 folders.
[2016.11.24-16.53.31:150][  0]LogLoad: (Engine Initialization) Total time: 10.64 seconds
[2016.11.24-16.53.31:150][  0]LogLoad: (Engine Initialization) Total Blueprint compile time: 0.26 seconds
[2016.11.24-16.53.31:150][  0]LogExternalProfiler: No external profilers were discovered.  External profiling features will not be available.
[2016.11.24-16.53.31:169][  0]LogOcInput: OculusInput pre-init called
[2016.11.24-16.53.31:202][  0]LogContentStreaming: Texture pool size now 1000 MB
[2016.11.24-16.53.31:516][  0]LogRenderer: Reallocating scene render targets to support 868x456 (Frame:2).
[2016.11.24-16.53.31:849][  3]LogAssetRegistry: Asset discovery search completed in 5.8706 seconds
[2016.11.24-16.53.31:849][  3]LogCollectionManager: Rebuilt the object cache for 1 collections in 0.000009 seconds (found 0 objects)
[2016.11.24-16.53.31:849][  3]LogCollectionManager: Fixed up redirectors for 1 collections in 0.000059 seconds (updated 0 objects)
[2016.11.24-16.53.38:489][117]SourceControl: Info On branch master
[2016.11.24-16.53.38:490][117]SourceControl: Info Your branch is up-to-date with 'origin/master'.
[2016.11.24-16.53.38:490][117]SourceControl: Info Changes to be committed:
[2016.11.24-16.53.38:490][117]SourceControl: Info   (use "git reset HEAD <file>..." to unstage)
[2016.11.24-16.53.38:490][117]SourceControl: Info 	new file:   Content/Blueprints/BP_Items.uasset
[2016.11.24-16.53.38:490][117]SourceControl: Info 	new file:   Content/Blueprints/BP_LifeSubs.uasset
[2016.11.24-16.53.38:490][117]SourceControl: Info 	new file:   Content/Character/Mannequin/Animations/ThirdPersonIdle.uasset
[2016.11.24-16.53.38:490][117]SourceControl: Info 	new file:   Content/Character/Mannequin/Animations/ThirdPersonJump_End.uasset
[2016.11.24-16.53.38:490][117]SourceControl: Info 	new file:   Content/Character/Mannequin/Animations/ThirdPersonJump_Loop.uasset
[2016.11.24-16.53.38:490][117]SourceControl: Info 	new file:   Content/Character/Mannequin/Animations/ThirdPersonJump_Start.uasset
[2016.11.24-16.53.38:490][117]SourceControl: Info 	new file:   Content/Character/Mannequin/Animations/ThirdPersonRun.uasset
[2016.11.24-16.53.38:490][117]SourceControl: Info 	new file:   Content/Character/Mannequin/Animations/ThirdPersonWalk.uasset
[2016.11.24-16.53.38:490][117]SourceControl: Info 	new file:   Content/Character/Mannequin/Animations/ThirdPerson_AnimBP.uasset
[2016.11.24-16.53.38:490][117]SourceControl: Info 	new file:   Content/Character/Mannequin/Animations/ThirdPerson_IdleRun_2D.uasset
[2016.11.24-16.53.38:490][117]SourceControl: Info 	new file:   Content/Character/Mannequin/Animations/ThirdPerson_Jump.uasset
[2016.11.24-16.53.38:490][117]SourceControl: Info 	new file:   Content/Character/Mannequin/Character/Materials/M_UE4Man_Body.uasset
[2016.11.24-16.53.38:490][117]SourceControl: Info 	new file:   Content/Character/Mannequin/Character/Materials/M_UE4Man_ChestLogo.uasset
[2016.11.24-16.53.38:490][117]SourceControl: Info 	new file:   Content/Character/Mannequin/Character/Materials/MaterialLayers/ML_GlossyBlack_Latex_UE4.uasset
[2016.11.24-16.53.38:490][117]SourceControl: Info 	new file:   Content/Character/Mannequin/Character/Materials/MaterialLayers/ML_Plastic_Shiny_Beige.uasset
[2016.11.24-16.53.38:490][117]SourceControl: Info 	new file:   Content/Character/Mannequin/Character/Materials/MaterialLayers/ML_Plastic_Shiny_Beige_LOGO.uasset
[2016.11.24-16.53.38:490][117]SourceControl: Info 	new file:   Content/Character/Mannequin/Character/Materials/MaterialLayers/ML_SoftMetal_UE4.uasset
[2016.11.24-16.53.38:490][117]SourceControl: Info 	copied:     Content/Mannequin/Character/Materials/MaterialLayers/T_ML_Aluminum01.uasset -> Content/Character/Mannequin/Character/Materials/MaterialLayers/T_ML_Aluminum01.uasset
[2016.11.24-16.53.38:490][117]SourceControl: Info 	copied:     Content/Mannequin/Character/Materials/MaterialLayers/T_ML_Aluminum01_N.uasset -> Content/Character/Mannequin/Character/Materials/MaterialLayers/T_ML_Aluminum01_N.uasset
[2016.11.24-16.53.38:490][117]SourceControl: Info 	copied:     Content/Mannequin/Character/Materials/MaterialLayers/T_ML_Rubber_Blue_01_D.uasset -> Content/Character/Mannequin/Character/Materials/MaterialLayers/T_ML_Rubber_Blue_01_D.uasset
[2016.11.24-16.53.38:490][117]SourceControl: Info 	copied:     Content/Mannequin/Character/Materials/MaterialLayers/T_ML_Rubber_Blue_01_N.uasset -> Content/Character/Mannequin/Character/Materials/MaterialLayers/T_ML_Rubber_Blue_01_N.uasset
[2016.11.24-16.53.38:490][117]SourceControl: Info 	copied:     Content/Mannequin/Character/Mesh/SK_Mannequin.uasset -> Content/Character/Mannequin/Character/Mesh/SK_Mannequin.uasset
[2016.11.24-16.53.38:490][117]SourceControl: Info 	new file:   Content/Character/Mannequin/Character/Mesh/SK_Mannequin_PhysicsAsset.uasset
[2016.11.24-16.53.38:491][117]SourceControl: Info 	copied:     Content/Mannequin/Character/Mesh/UE4_Mannequin_Skeleton.uasset -> Content/Character/Mannequin/Character/Mesh/UE4_Mannequin_Skeleton.uasset
[2016.11.24-16.53.38:491][117]SourceControl: Info 	copied:     Content/Mannequin/Character/Textures/UE4Man_Logo_N.uasset -> Content/Character/Mannequin/Character/Textures/UE4Man_Logo_N.uasset
[2016.11.24-16.53.38:491][117]SourceControl: Info 	copied:     Content/Mannequin/Character/Textures/UE4_LOGO_CARD.uasset -> Content/Character/Mannequin/Character/Textures/UE4_LOGO_CARD.uasset
[2016.11.24-16.53.38:491][117]SourceControl: Info 	copied:     Content/Mannequin/Character/Textures/UE4_Mannequin_MAT_MASKA.uasset -> Content/Character/Mannequin/Character/Textures/UE4_Mannequin_MAT_MASKA.uasset
[2016.11.24-16.53.38:491][117]SourceControl: Info 	copied:     Content/Mannequin/Character/Textures/UE4_Mannequin__normals.uasset -> Content/Character/Mannequin/Character/Textures/UE4_Mannequin__normals.uasset
[2016.11.24-16.53.38:491][117]SourceControl: Info 	modified:   Content/Mannequin/Animations/ThirdPersonIdle.uasset
[2016.11.24-16.53.38:491][117]SourceControl: Info 	modified:   Content/Mannequin/Animations/ThirdPersonJump_End.uasset
[2016.11.24-16.53.38:491][117]SourceControl: Info 	modified:   Content/Mannequin/Animations/ThirdPersonJump_Loop.uasset
[2016.11.24-16.53.38:491][117]SourceControl: Info 	modified:   Content/Mannequin/Animations/ThirdPersonJump_Start.uasset
[2016.11.24-16.53.38:491][117]SourceControl: Info 	modified:   Content/Mannequin/Animations/ThirdPersonRun.uasset
[2016.11.24-16.53.38:491][117]SourceControl: Info 	modified:   Content/Mannequin/Animations/ThirdPersonWalk.uasset
[2016.11.24-16.53.38:491][117]SourceControl: Info 	modified:   Content/Mannequin/Animations/ThirdPerson_AnimBP.uasset
[2016.11.24-16.53.38:491][117]SourceControl: Info 	modified:   Content/Mannequin/Animations/ThirdPerson_IdleRun_2D.uasset
[2016.11.24-16.53.38:491][117]SourceControl: Info 	modified:   Content/Mannequin/Animations/ThirdPerson_Jump.uasset
[2016.11.24-16.53.38:491][117]SourceControl: Info 	modified:   Content/Mannequin/Character/Materials/M_UE4Man_Body.uasset
[2016.11.24-16.53.38:491][117]SourceControl: Info 	modified:   Content/Mannequin/Character/Materials/M_UE4Man_ChestLogo.uasset
[2016.11.24-16.53.38:491][117]SourceControl: Info 	modified:   Content/Mannequin/Character/Materials/MaterialLayers/ML_GlossyBlack_Latex_UE4.uasset
[2016.11.24-16.53.38:491][117]SourceControl: Info 	modified:   Content/Mannequin/Character/Materials/MaterialLayers/ML_Plastic_Shiny_Beige.uasset
[2016.11.24-16.53.38:491][117]SourceControl: Info 	modified:   Content/Mannequin/Character/Materials/MaterialLayers/ML_Plastic_Shiny_Beige_LOGO.uasset
[2016.11.24-16.53.38:491][117]SourceControl: Info 	modified:   Content/Mannequin/Character/Materials/MaterialLayers/ML_SoftMetal_UE4.uasset
[2016.11.24-16.53.38:491][117]SourceControl: Info 	modified:   Content/Mannequin/Character/Materials/MaterialLayers/T_ML_Aluminum01.uasset
[2016.11.24-16.53.38:491][117]SourceControl: Info 	modified:   Content/Mannequin/Character/Materials/MaterialLayers/T_ML_Aluminum01_N.uasset
[2016.11.24-16.53.38:491][117]SourceControl: Info 	modified:   Content/Mannequin/Character/Materials/MaterialLayers/T_ML_Rubber_Blue_01_D.uasset
[2016.11.24-16.53.38:491][117]SourceControl: Info 	modified:   Content/Mannequin/Character/Materials/MaterialLayers/T_ML_Rubber_Blue_01_N.uasset
[2016.11.24-16.53.38:491][117]SourceControl: Info 	modified:   Content/Mannequin/Character/Mesh/SK_Mannequin.uasset
[2016.11.24-16.53.38:491][117]SourceControl: Info 	modified:   Content/Mannequin/Character/Mesh/SK_Mannequin_PhysicsAsset.uasset
[2016.11.24-16.53.38:491][117]SourceControl: Info 	modified:   Content/Mannequin/Character/Mesh/UE4_Mannequin_Skeleton.uasset
[2016.11.24-16.53.38:491][117]SourceControl: Info 	modified:   Content/Mannequin/Character/Textures/UE4Man_Logo_N.uasset
[2016.11.24-16.53.38:491][117]SourceControl: Info 	modified:   Content/Mannequin/Character/Textures/UE4_LOGO_CARD.uasset
[2016.11.24-16.53.38:492][117]SourceControl: Info 	modified:   Content/Mannequin/Character/Textures/UE4_Mannequin_MAT_MASKA.uasset
[2016.11.24-16.53.38:492][117]SourceControl: Info 	modified:   Content/Mannequin/Character/Textures/UE4_Mannequin__normals.uasset
[2016.11.24-16.53.38:492][117]SourceControl: Info 	copied:     Content/Mobup.umap -> Content/Maps/Mobup.umap
[2016.11.24-16.53.38:492][117]SourceControl: Info 	modified:   Content/Mobup.umap
[2016.11.24-16.53.38:492][117]SourceControl: Info 	new file:   Content/StarterContent/Architecture/Floor_400x400.uasset
[2016.11.24-16.53.38:492][117]SourceControl: Info 	new file:   Content/StarterContent/Architecture/Pillar_50x500.uasset
[2016.11.24-16.53.38:492][117]SourceControl: Info 	new file:   Content/StarterContent/Architecture/SM_AssetPlatform.uasset
[2016.11.24-16.53.38:492][117]SourceControl: Info 	new file:   Content/StarterContent/Architecture/Wall_400x200.uasset
[2016.11.24-16.53.38:492][117]SourceControl: Info 	new file:   Content/StarterContent/Architecture/Wall_400x300.uasset
[2016.11.24-16.53.38:492][117]SourceControl: Info 	new file:   Content/StarterContent/Architecture/Wall_400x400.uasset
[2016.11.24-16.53.38:492][117]SourceControl: Info 	new file:   Content/StarterContent/Architecture/Wall_500x500.uasset
[2016.11.24-16.53.38:492][117]SourceControl: Info 	new file:   Content/StarterContent/Architecture/Wall_Door_400x300.uasset
[2016.11.24-16.53.38:492][117]SourceControl: Info 	new file:   Content/StarterContent/Architecture/Wall_Door_400x400.uasset
[2016.11.24-16.53.38:492][117]SourceControl: Info 	new file:   Content/StarterContent/Architecture/Wall_Window_400x300.uasset
[2016.11.24-16.53.38:492][117]SourceControl: Info 	new file:   Content/StarterContent/Architecture/Wall_Window_400x400.uasset
[2016.11.24-16.53.38:492][117]SourceControl: Info 	new file:   Content/StarterContent/Audio/Collapse01.uasset
[2016.11.24-16.53.38:492][117]SourceControl: Info 	new file:   Content/StarterContent/Audio/Collapse02.uasset
[2016.11.24-16.53.38:492][117]SourceControl: Info 	new file:   Content/StarterContent/Audio/Collapse_Cue.uasset
[2016.11.24-16.53.38:492][117]SourceControl: Info 	new file:   Content/StarterContent/Audio/Explosion01.uasset
[2016.11.24-16.53.38:492][117]SourceControl: Info 	new file:   Content/StarterContent/Audio/Explosion02.uasset
[2016.11.24-16.53.38:492][117]SourceControl: Info 	new file:   Content/StarterContent/Audio/Explosion_Cue.uasset
[2016.11.24-16.53.38:492][117]SourceControl: Info 	new file:   Content/StarterContent/Audio/Fire01.uasset
[2016.11.24-16.53.38:492][117]SourceControl: Info 	new file:   Content/StarterContent/Audio/Fire01_Cue.uasset
[2016.11.24-16.53.38:492][117]SourceControl: Info 	new file:   Content/StarterContent/Audio/Fire_Sparks01.uasset
[2016.11.24-16.53.38:492][117]SourceControl: Info 	new file:   Content/StarterContent/Audio/Fire_Sparks01_Cue.uasset
[2016.11.24-16.53.38:492][117]SourceControl: Info 	new file:   Content/StarterContent/Audio/Light01.uasset
[2016.11.24-16.53.38:492][117]SourceControl: Info 	new file:   Content/StarterContent/Audio/Light01_Cue.uasset
[2016.11.24-16.53.38:492][117]SourceControl: Info 	new file:   Content/StarterContent/Audio/Light02.uasset
[2016.11.24-16.53.38:492][117]SourceControl: Info 	new file:   Content/StarterContent/Audio/Light02_Cue.uasset
[2016.11.24-16.53.38:492][117]SourceControl: Info 	new file:   Content/StarterContent/Audio/Smoke01.uasset
[2016.11.24-16.53.38:492][117]SourceControl: Info 	new file:   Content/StarterContent/Audio/Smoke01_Cue.uasset
[2016.11.24-16.53.38:493][117]SourceControl: Info 	new file:   Content/StarterContent/Audio/Starter_Background_Cue.uasset
[2016.11.24-16.53.38:493][117]SourceControl: Info 	new file:   Content/StarterContent/Audio/Starter_Birds01.uasset
[2016.11.24-16.53.38:493][117]SourceControl: Info 	new file:   Content/StarterContent/Audio/Starter_Music01.uasset
[2016.11.24-16.53.38:493][117]SourceControl: Info 	new file:   Content/StarterContent/Audio/Starter_Music_Cue.uasset
[2016.11.24-16.53.38:493][117]SourceControl: Info 	new file:   Content/StarterContent/Audio/Starter_Wind05.uasset
[2016.11.24-16.53.38:493][117]SourceControl: Info 	new file:   Content/StarterContent/Audio/Starter_Wind06.uasset
[2016.11.24-16.53.38:493][117]SourceControl: Info 	new file:   Content/StarterContent/Audio/Steam01.uasset
[2016.11.24-16.53.38:493][117]SourceControl: Info 	new file:   Content/StarterContent/Audio/Steam01_Cue.uasset
[2016.11.24-16.53.38:493][117]SourceControl: Info 	new file:   Content/StarterContent/Blueprints/Assets/FogBrightnessLUT.uasset
[2016.11.24-16.53.38:493][117]SourceControl: Info 	new file:   Content/StarterContent/Blueprints/Assets/M_LightStage_Arrows.uasset
[2016.11.24-16.53.38:493][117]SourceControl: Info 	new file:   Content/StarterContent/Blueprints/Assets/M_LightStage_Skybox_Black.uasset
[2016.11.24-16.53.38:493][117]SourceControl: Info 	new file:   Content/StarterContent/Blueprints/Assets/M_LightStage_Skybox_HDRI.uasset
[2016.11.24-16.53.38:493][117]SourceControl: Info 	new file:   Content/StarterContent/Blueprints/Assets/M_LightStage_Skybox_Master.uasset
[2016.11.24-16.53.38:493][117]SourceControl: Info 	new file:   Content/StarterContent/Blueprints/Assets/SM_Arrows.uasset
[2016.11.24-16.53.38:493][117]SourceControl: Info 	new file:   Content/StarterContent/Blueprints/Assets/Skybox.uasset
[2016.11.24-16.53.38:493][117]SourceControl: Info 	new file:   Content/StarterContent/Blueprints/Assets/SunlightColorLUT.uasset
[2016.11.24-16.53.38:493][117]SourceControl: Info 	new file:   Content/StarterContent/Blueprints/BP_LightStudio.uasset
[2016.11.24-16.53.38:493][117]SourceControl: Info 	new file:   Content/StarterContent/Blueprints/Blueprint_CeilingLight.uasset
[2016.11.24-16.53.38:493][117]SourceControl: Info 	new file:   Content/StarterContent/Blueprints/Blueprint_Effect_Explosion.uasset
[2016.11.24-16.53.38:493][117]SourceControl: Info 	new file:   Content/StarterContent/Blueprints/Blueprint_Effect_Fire.uasset
[2016.11.24-16.53.38:493][117]SourceControl: Info 	new file:   Content/StarterContent/Blueprints/Blueprint_Effect_Smoke.uasset
[2016.11.24-16.53.38:493][117]SourceControl: Info 	new file:   Content/StarterContent/Blueprints/Blueprint_Effect_Sparks.uasset
[2016.11.24-16.53.38:493][117]SourceControl: Info 	new file:   Content/StarterContent/Blueprints/Blueprint_Effect_Steam.uasset
[2016.11.24-16.53.38:493][117]SourceControl: Info 	new file:   Content/StarterContent/Blueprints/Blueprint_WallSconce.uasset
[2016.11.24-16.53.38:493][117]SourceControl: Info 	new file:   Content/StarterContent/HDRI/HDRI_Epic_Courtyard_Daylight.uasset
[2016.11.24-16.53.38:493][117]SourceControl: Info 	new file:   Content/StarterContent/Maps/Advanced_Lighting.umap
[2016.11.24-16.53.38:493][117]SourceControl: Info 	new file:   Content/StarterContent/Maps/Minimal_Default.umap
[2016.11.24-16.53.38:493][117]SourceControl: Info 	new file:   Content/StarterContent/Maps/StarterMap.umap
[2016.11.24-16.53.38:493][117]SourceControl: Info 	new file:   Content/StarterContent/Materials/M_AssetPlatform.uasset
[2016.11.24-16.53.38:493][117]SourceControl: Info 	new file:   Content/StarterContent/Materials/M_Basic_Floor.uasset
[2016.11.24-16.53.38:493][117]SourceControl: Info 	new file:   Content/StarterContent/Materials/M_Basic_Wall.uasset
[2016.11.24-16.53.38:493][117]SourceControl: Info 	new file:   Content/StarterContent/Materials/M_Brick_Clay_Beveled.uasset
[2016.11.24-16.53.38:494][117]SourceControl: Info 	new file:   Content/StarterContent/Materials/M_Brick_Clay_New.uasset
[2016.11.24-16.53.38:494][117]SourceControl: Info 	new file:   Content/StarterContent/Materials/M_Brick_Clay_Old.uasset
[2016.11.24-16.53.38:494][117]SourceControl: Info 	new file:   Content/StarterContent/Materials/M_Brick_Cut_Stone.uasset
[2016.11.24-16.53.38:494][117]SourceControl: Info 	new file:   Content/StarterContent/Materials/M_Brick_Hewn_Stone.uasset
[2016.11.24-16.53.38:494][117]SourceControl: Info 	new file:   Content/StarterContent/Materials/M_Ceramic_Tile_Checker.uasset
[2016.11.24-16.53.38:494][117]SourceControl: Info 	new file:   Content/StarterContent/Materials/M_CobbleStone_Pebble.uasset
[2016.11.24-16.53.38:494][117]SourceControl: Info 	new file:   Content/StarterContent/Materials/M_CobbleStone_Rough.uasset
[2016.11.24-16.53.38:494][117]SourceControl: Info 	new file:   Content/StarterContent/Materials/M_CobbleStone_Smooth.uasset
[2016.11.24-16.53.38:494][117]SourceControl: Info 	new file:   Content/StarterContent/Materials/M_ColorGrid_LowSpec.uasset
[2016.11.24-16.53.38:494][117]SourceControl: Info 	new file:   Content/StarterContent/Materials/M_Concrete_Grime.uasset
[2016.11.24-16.53.38:494][117]SourceControl: Info 	new file:   Content/StarterContent/Materials/M_Concrete_Panels.uasset
[2016.11.24-16.53.38:494][117]SourceControl: Info 	new file:   Content/StarterContent/Materials/M_Concrete_Poured.uasset
[2016.11.24-16.53.38:494][117]SourceControl: Info 	new file:   Content/StarterContent/Materials/M_Concrete_Tiles.uasset
[2016.11.24-16.53.38:494][117]SourceControl: Info 	new file:   Content/StarterContent/Materials/M_Glass.uasset
[2016.11.24-16.53.38:494][117]SourceControl: Info 	new file:   Content/StarterContent/Materials/M_Ground_Grass.uasset
[2016.11.24-16.53.38:494][117]SourceControl: Info 	new file:   Content/StarterContent/Materials/M_Ground_Gravel.uasset
[2016.11.24-16.53.38:494][117]SourceControl: Info 	new file:   Content/StarterContent/Materials/M_Ground_Moss.uasset
[2016.11.24-16.53.38:494][117]SourceControl: Info 	new file:   Content/StarterContent/Materials/M_Metal_Brushed_Nickel.uasset
[2016.11.24-16.53.38:494][117]SourceControl: Info 	new file:   Content/StarterContent/Materials/M_Metal_Burnished_Steel.uasset
[2016.11.24-16.53.38:494][117]SourceControl: Info 	new file:   Content/StarterContent/Materials/M_Metal_Chrome.uasset
[2016.11.24-16.53.38:494][117]SourceControl: Info 	new file:   Content/StarterContent/Materials/M_Metal_Copper.uasset
[2016.11.24-16.53.38:494][117]SourceControl: Info 	new file:   Content/StarterContent/Materials/M_Metal_Gold.uasset
[2016.11.24-16.53.38:494][117]SourceControl: Info 	new file:   Content/StarterContent/Materials/M_Metal_Rust.uasset
[2016.11.24-16.53.38:494][117]SourceControl: Info 	new file:   Content/StarterContent/Materials/M_Metal_Steel.uasset
[2016.11.24-16.53.38:494][117]SourceControl: Info 	new file:   Content/StarterContent/Materials/M_Rock_Basalt.uasset
[2016.11.24-16.53.38:494][117]SourceControl: Info 	new file:   Content/StarterContent/Materials/M_Rock_Marble_Polished.uasset
[2016.11.24-16.53.38:494][117]SourceControl: Info 	new file:   Content/StarterContent/Materials/M_Rock_Sandstone.uasset
[2016.11.24-16.53.38:494][117]SourceControl: Info 	new file:   Content/StarterContent/Materials/M_Rock_Slate.uasset
[2016.11.24-16.53.38:494][117]SourceControl: Info 	new file:   Content/StarterContent/Materials/M_Tech_Checker_Dot.uasset
[2016.11.24-16.53.38:494][117]SourceControl: Info 	new file:   Content/StarterContent/Materials/M_Tech_Hex_Tile.uasset
[2016.11.24-16.53.38:494][117]SourceControl: Info 	new file:   Content/StarterContent/Materials/M_Tech_Hex_Tile_Pulse.uasset
[2016.11.24-16.53.38:494][117]SourceControl: Info 	new file:   Content/StarterContent/Materials/M_Tech_Panel.uasset
[2016.11.24-16.53.38:495][117]SourceControl: Info 	new file:   Content/StarterContent/Materials/M_Water_Lake.uasset
[2016.11.24-16.53.38:495][117]SourceControl: Info 	new file:   Content/StarterContent/Materials/M_Water_Ocean.uasset
[2016.11.24-16.53.38:495][117]SourceControl: Info 	new file:   Content/StarterContent/Materials/M_Wood_Floor_Walnut_Polished.uasset
[2016.11.24-16.53.38:495][117]SourceControl: Info 	new file:   Content/StarterContent/Materials/M_Wood_Floor_Walnut_Worn.uasset
[2016.11.24-16.53.38:495][117]SourceControl: Info 	new file:   Content/StarterContent/Materials/M_Wood_Oak.uasset
[2016.11.24-16.53.38:495][117]SourceControl: Info 	new file:   Content/StarterContent/Materials/M_Wood_Pine.uasset
[2016.11.24-16.53.38:495][117]SourceControl: Info 	new file:   Content/StarterContent/Materials/M_Wood_Walnut.uasset
[2016.11.24-16.53.38:495][117]SourceControl: Info 	new file:   Content/StarterContent/Particles/Materials/M_Burst.uasset
[2016.11.24-16.53.38:495][117]SourceControl: Info 	new file:   Content/StarterContent/Particles/Materials/M_Dust_Particle.uasset
[2016.11.24-16.53.38:495][117]SourceControl: Info 	new file:   Content/StarterContent/Particles/Materials/M_Fire_SubUV.uasset
[2016.11.24-16.53.38:495][117]SourceControl: Info 	new file:   Content/StarterContent/Particles/Materials/M_Heat_Distortion.uasset
[2016.11.24-16.53.38:495][117]SourceControl: Info 	new file:   Content/StarterContent/Particles/Materials/M_Radial_Gradient.uasset
[2016.11.24-16.53.38:495][117]SourceControl: Info 	new file:   Content/StarterContent/Particles/Materials/M_Spark.uasset
[2016.11.24-16.53.38:495][117]SourceControl: Info 	new file:   Content/StarterContent/Particles/Materials/M_explosion_subUV.uasset
[2016.11.24-16.53.38:495][117]SourceControl: Info 	new file:   Content/StarterContent/Particles/Materials/M_radial_ramp.uasset
[2016.11.24-16.53.38:495][117]SourceControl: Info 	new file:   Content/StarterContent/Particles/Materials/M_smoke_subUV.uasset
[2016.11.24-16.53.38:495][117]SourceControl: Info 	new file:   Content/StarterContent/Particles/Materials/m_flare_01.uasset
[2016.11.24-16.53.38:495][117]SourceControl: Info 	new file:   Content/StarterContent/Particles/P_Ambient_Dust.uasset
[2016.11.24-16.53.38:495][117]SourceControl: Info 	new file:   Content/StarterContent/Particles/P_Explosion.uasset
[2016.11.24-16.53.38:495][117]SourceControl: Info 	new file:   Content/StarterContent/Particles/P_Fire.uasset
[2016.11.24-16.53.38:495][117]SourceControl: Info 	new file:   Content/StarterContent/Particles/P_Smoke.uasset
[2016.11.24-16.53.38:495][117]SourceControl: Info 	new file:   Content/StarterContent/Particles/P_Sparks.uasset
[2016.11.24-16.53.38:495][117]SourceControl: Info 	new file:   Content/StarterContent/Particles/P_Steam_Lit.uasset
[2016.11.24-16.53.38:495][117]SourceControl: Info 	new file:   Content/StarterContent/Props/MaterialSphere.uasset
[2016.11.24-16.53.38:495][117]SourceControl: Info 	new file:   Content/StarterContent/Props/Materials/M_Bush.uasset
[2016.11.24-16.53.38:495][117]SourceControl: Info 	new file:   Content/StarterContent/Props/Materials/M_Chair.uasset
[2016.11.24-16.53.38:495][117]SourceControl: Info 	new file:   Content/StarterContent/Props/Materials/M_Door.uasset
[2016.11.24-16.53.38:495][117]SourceControl: Info 	new file:   Content/StarterContent/Props/Materials/M_Frame.uasset
[2016.11.24-16.53.38:495][117]SourceControl: Info 	new file:   Content/StarterContent/Props/Materials/M_Lamp.uasset
[2016.11.24-16.53.38:495][117]SourceControl: Info 	new file:   Content/StarterContent/Props/Materials/M_MaterialSphere.uasset
[2016.11.24-16.53.38:496][117]SourceControl: Info 	new file:   Content/StarterContent/Props/Materials/M_MaterialSphere_Plain.uasset
[2016.11.24-16.53.38:496][117]SourceControl: Info 	new file:   Content/StarterContent/Props/Materials/M_Rock.uasset
[2016.11.24-16.53.38:496][117]SourceControl: Info 	new file:   Content/StarterContent/Props/Materials/M_Shelf.uasset
[2016.11.24-16.53.38:496][117]SourceControl: Info 	new file:   Content/StarterContent/Props/Materials/M_Statue.uasset
[2016.11.24-16.53.38:496][117]SourceControl: Info 	new file:   Content/StarterContent/Props/Materials/M_StatueGlass.uasset
[2016.11.24-16.53.38:496][117]SourceControl: Info 	new file:   Content/StarterContent/Props/Materials/M_TableRound.uasset
[2016.11.24-16.53.38:496][117]SourceControl: Info 	new file:   Content/StarterContent/Props/SM_Bush.uasset
[2016.11.24-16.53.38:496][117]SourceControl: Info 	new file:   Content/StarterContent/Props/SM_Chair.uasset
[2016.11.24-16.53.38:496][117]SourceControl: Info 	new file:   Content/StarterContent/Props/SM_CornerFrame.uasset
[2016.11.24-16.53.38:496][117]SourceControl: Info 	new file:   Content/StarterContent/Props/SM_Couch.uasset
[2016.11.24-16.53.38:496][117]SourceControl: Info 	new file:   Content/StarterContent/Props/SM_Door.uasset
[2016.11.24-16.53.38:496][117]SourceControl: Info 	new file:   Content/StarterContent/Props/SM_DoorFrame.uasset
[2016.11.24-16.53.38:496][117]SourceControl: Info 	new file:   Content/StarterContent/Props/SM_GlassWindow.uasset
[2016.11.24-16.53.38:496][117]SourceControl: Info 	new file:   Content/StarterContent/Props/SM_Lamp_Ceiling.uasset
[2016.11.24-16.53.38:496][117]SourceControl: Info 	new file:   Content/StarterContent/Props/SM_Lamp_Wall.uasset
[2016.11.24-16.53.38:496][117]SourceControl: Info 	new file:   Content/StarterContent/Props/SM_MatPreviewMesh_02.uasset
[2016.11.24-16.53.38:496][117]SourceControl: Info 	new file:   Content/StarterContent/Props/SM_PillarFrame.uasset
[2016.11.24-16.53.38:496][117]SourceControl: Info 	new file:   Content/StarterContent/Props/SM_PillarFrame300.uasset
[2016.11.24-16.53.38:496][117]SourceControl: Info 	new file:   Content/StarterContent/Props/SM_Rock.uasset
[2016.11.24-16.53.38:496][117]SourceControl: Info 	new file:   Content/StarterContent/Props/SM_Shelf.uasset
[2016.11.24-16.53.38:496][117]SourceControl: Info 	new file:   Content/StarterContent/Props/SM_Stairs.uasset
[2016.11.24-16.53.38:496][117]SourceControl: Info 	new file:   Content/StarterContent/Props/SM_Statue.uasset
[2016.11.24-16.53.38:496][117]SourceControl: Info 	new file:   Content/StarterContent/Props/SM_TableRound.uasset
[2016.11.24-16.53.38:496][117]SourceControl: Info 	new file:   Content/StarterContent/Props/SM_WindowFrame.uasset
[2016.11.24-16.53.38:496][117]SourceControl: Info 	new file:   Content/StarterContent/Shapes/Shape_Cone.uasset
[2016.11.24-16.53.38:496][117]SourceControl: Info 	new file:   Content/StarterContent/Shapes/Shape_Cube.uasset
[2016.11.24-16.53.38:496][117]SourceControl: Info 	new file:   Content/StarterContent/Shapes/Shape_Cylinder.uasset
[2016.11.24-16.53.38:496][117]SourceControl: Info 	new file:   Content/StarterContent/Shapes/Shape_NarrowCapsule.uasset
[2016.11.24-16.53.38:496][117]SourceControl: Info 	new file:   Content/StarterContent/Shapes/Shape_Pipe.uasset
[2016.11.24-16.53.38:496][117]SourceControl: Info 	new file:   Content/StarterContent/Shapes/Shape_Pipe_180.uasset
[2016.11.24-16.53.38:496][117]SourceControl: Info 	new file:   Content/StarterContent/Shapes/Shape_Pipe_90.uasset
[2016.11.24-16.53.38:496][117]SourceControl: Info 	new file:   Content/StarterContent/Shapes/Shape_Plane.uasset
[2016.11.24-16.53.38:496][117]SourceControl: Info 	new file:   Content/StarterContent/Shapes/Shape_QuadPyramid.uasset
[2016.11.24-16.53.38:496][117]SourceControl: Info 	new file:   Content/StarterContent/Shapes/Shape_Sphere.uasset
[2016.11.24-16.53.38:496][117]SourceControl: Info 	new file:   Content/StarterContent/Shapes/Shape_Torus.uasset
[2016.11.24-16.53.38:496][117]SourceControl: Info 	new file:   Content/StarterContent/Shapes/Shape_TriPyramid.uasset
[2016.11.24-16.53.38:496][117]SourceControl: Info 	new file:   Content/StarterContent/Shapes/Shape_Trim.uasset
[2016.11.24-16.53.38:496][117]SourceControl: Info 	new file:   Content/StarterContent/Shapes/Shape_Trim_90_In.uasset
[2016.11.24-16.53.38:496][117]SourceControl: Info 	new file:   Content/StarterContent/Shapes/Shape_Trim_90_Out.uasset
[2016.11.24-16.53.38:496][117]SourceControl: Info 	new file:   Content/StarterContent/Shapes/Shape_Tube.uasset
[2016.11.24-16.53.38:496][117]SourceControl: Info 	new file:   Content/StarterContent/Shapes/Shape_Wedge_A.uasset
[2016.11.24-16.53.38:496][117]SourceControl: Info 	new file:   Content/StarterContent/Shapes/Shape_Wedge_B.uasset
[2016.11.24-16.53.38:496][117]SourceControl: Info 	new file:   Content/StarterContent/Shapes/Shape_WideCapsule.uasset
[2016.11.24-16.53.38:496][117]SourceControl: Info 	new file:   Content/StarterContent/Textures/T_Brick_Clay_Beveled_D.uasset
[2016.11.24-16.53.38:496][117]SourceControl: Info 	new file:   Content/StarterContent/Textures/T_Brick_Clay_Beveled_M.uasset
[2016.11.24-16.53.38:496][117]SourceControl: Info 	new file:   Content/StarterContent/Textures/T_Brick_Clay_Beveled_N.uasset
[2016.11.24-16.53.38:496][117]SourceControl: Info 	new file:   Content/StarterContent/Textures/T_Brick_Clay_New_D.uasset
[2016.11.24-16.53.38:496][117]SourceControl: Info 	new file:   Content/StarterContent/Textures/T_Brick_Clay_New_M.uasset
[2016.11.24-16.53.38:496][117]SourceControl: Info 	new file:   Content/StarterContent/Textures/T_Brick_Clay_New_N.uasset
[2016.11.24-16.53.38:496][117]SourceControl: Info 	new file:   Content/StarterContent/Textures/T_Brick_Clay_Old_D.uasset
[2016.11.24-16.53.38:496][117]SourceControl: Info 	new file:   Content/StarterContent/Textures/T_Brick_Clay_Old_N.uasset
[2016.11.24-16.53.38:496][117]SourceControl: Info 	new file:   Content/StarterContent/Textures/T_Brick_Cut_Stone_D.uasset
[2016.11.24-16.53.38:496][117]SourceControl: Info 	new file:   Content/StarterContent/Textures/T_Brick_Cut_Stone_N.uasset
[2016.11.24-16.53.38:498][117]SourceControl: Info 	new file:   Content/StarterContent/Textures/T_Brick_Hewn_Stone_D.uasset
[2016.11.24-16.53.38:498][117]SourceControl: Info 	new file:   Content/StarterContent/Textures/T_Brick_Hewn_Stone_M.uasset
[2016.11.24-16.53.38:498][117]SourceControl: Info 	new file:   Content/StarterContent/Textures/T_Brick_Hewn_Stone_N.uasset
[2016.11.24-16.53.38:498][117]SourceControl: Info 	new file:   Content/StarterContent/Textures/T_Burst_M.uasset
[2016.11.24-16.53.38:498][117]SourceControl: Info 	new file:   Content/StarterContent/Textures/T_Bush_D.uasset
[2016.11.24-16.53.38:498][117]SourceControl: Info 	new file:   Content/StarterContent/Textures/T_Bush_N.uasset
[2016.11.24-16.53.38:498][117]SourceControl: Info 	new file:   Content/StarterContent/Textures/T_Ceramic_Tile_M.uasset
[2016.11.24-16.53.38:498][117]SourceControl: Info 	new file:   Content/StarterContent/Textures/T_Ceramic_Tile_N.uasset
[2016.11.24-16.53.38:498][117]SourceControl: Info 	new file:   Content/StarterContent/Textures/T_Chair_M.uasset
[2016.11.24-16.53.38:498][117]SourceControl: Info 	new file:   Content/StarterContent/Textures/T_Chair_N.uasset
[2016.11.24-16.53.38:498][117]SourceControl: Info 	new file:   Content/StarterContent/Textures/T_Checker_Noise_M.uasset
[2016.11.24-16.53.38:498][117]SourceControl: Info 	new file:   Content/StarterContent/Textures/T_CobbleStone_Pebble_D.uasset
[2016.11.24-16.53.38:498][117]SourceControl: Info 	new file:   Content/StarterContent/Textures/T_CobbleStone_Pebble_M.uasset
[2016.11.24-16.53.38:498][117]SourceControl: Info 	new file:   Content/StarterContent/Textures/T_CobbleStone_Pebble_N.uasset
[2016.11.24-16.53.38:498][117]SourceControl: Info 	new file:   Content/StarterContent/Textures/T_CobbleStone_Rough_D.uasset
[2016.11.24-16.53.38:498][117]SourceControl: Info 	new file:   Content/StarterContent/Textures/T_CobbleStone_Rough_N.uasset
[2016.11.24-16.53.38:498][117]SourceControl: Info 	new file:   Content/StarterContent/Textures/T_CobbleStone_Smooth_D.uasset
[2016.11.24-16.53.38:498][117]SourceControl: Info 	new file:   Content/StarterContent/Textures/T_CobbleStone_Smooth_M.uasset
[2016.11.24-16.53.38:498][117]SourceControl: Info 	new file:   Content/StarterContent/Textures/T_CobbleStone_Smooth_N.uasset
[2016.11.24-16.53.38:498][117]SourceControl: Info 	new file:   Content/StarterContent/Textures/T_Concrete_Grime_D.uasset
[2016.11.24-16.53.38:498][117]SourceControl: Info 	new file:   Content/StarterContent/Textures/T_Concrete_Panels_D.uasset
[2016.11.24-16.53.38:498][117]SourceControl: Info 	new file:   Content/StarterContent/Textures/T_Concrete_Panels_N.uasset
[2016.11.24-16.53.38:498][117]SourceControl: Info 	new file:   Content/StarterContent/Textures/T_Concrete_Poured_D.uasset
[2016.11.24-16.53.38:498][117]SourceControl: Info 	new file:   Content/StarterContent/Textures/T_Concrete_Poured_N.uasset
[2016.11.24-16.53.38:498][117]SourceControl: Info 	new file:   Content/StarterContent/Textures/T_Concrete_Tiles_D.uasset
[2016.11.24-16.53.38:498][117]SourceControl: Info 	new file:   Content/StarterContent/Textures/T_Concrete_Tiles_M.uasset
[2016.11.24-16.53.38:498][117]SourceControl: Info 	new file:   Content/StarterContent/Textures/T_Concrete_Tiles_N.uasset
[2016.11.24-16.53.38:498][117]SourceControl: Info 	new file:   Content/StarterContent/Textures/T_Concrete_Tiles_Variation_M.uasset
[2016.11.24-16.53.38:498][117]SourceControl: Info 	new file:   Content/StarterContent/Textures/T_Detail_Rocky_N.uasset
[2016.11.24-16.53.38:498][117]SourceControl: Info 	new file:   Content/StarterContent/Textures/T_Door_M.uasset
[2016.11.24-16.53.38:498][117]SourceControl: Info 	new file:   Content/StarterContent/Textures/T_Door_N.uasset
[2016.11.24-16.53.38:499][117]SourceControl: Info 	new file:   Content/StarterContent/Textures/T_Dust_Particle_D.uasset
[2016.11.24-16.53.38:499][117]SourceControl: Info 	new file:   Content/StarterContent/Textures/T_Explosion_SubUV.uasset
[2016.11.24-16.53.38:499][117]SourceControl: Info 	new file:   Content/StarterContent/Textures/T_Fire_SubUV.uasset
[2016.11.24-16.53.38:499][117]SourceControl: Info 	new file:   Content/StarterContent/Textures/T_Fire_Tiled_D.uasset
[2016.11.24-16.53.38:499][117]SourceControl: Info 	new file:   Content/StarterContent/Textures/T_Frame_M.uasset
[2016.11.24-16.53.38:499][117]SourceControl: Info 	new file:   Content/StarterContent/Textures/T_Frame_N.uasset
[2016.11.24-16.53.38:499][117]SourceControl: Info 	new file:   Content/StarterContent/Textures/T_Gradinet_01.uasset
[2016.11.24-16.53.38:499][117]SourceControl: Info 	renamed:    Content/ThirdPersonBP/Maps/ThirdPersonExampleMap.umap -> Content/StarterContent/Textures/T_Ground_Grass_D.uasset
[2016.11.24-16.53.38:499][117]SourceControl: Info 	new file:   Content/StarterContent/Textures/T_Ground_Grass_N.uasset
[2016.11.24-16.53.38:499][117]SourceControl: Info 	new file:   Content/StarterContent/Textures/T_Ground_Gravel_D.uasset
[2016.11.24-16.53.38:499][117]SourceControl: Info 	new file:   Content/StarterContent/Textures/T_Ground_Gravel_N.uasset
[2016.11.24-16.53.38:499][117]SourceControl: Info 	new file:   Content/StarterContent/Textures/T_Ground_Moss_N.uasset
[2016.11.24-16.53.38:499][117]SourceControl: Info 	new file:   Content/StarterContent/Textures/T_Lamp_M.uasset
[2016.11.24-16.53.38:499][117]SourceControl: Info 	new file:   Content/StarterContent/Textures/T_Lamp_N.uasset
[2016.11.24-16.53.38:499][117]SourceControl: Info 	new file:   Content/StarterContent/Textures/T_MacroVariation.uasset
[2016.11.24-16.53.38:499][117]SourceControl: Info 	new file:   Content/StarterContent/Textures/T_Metal_Aluminum_D.uasset
[2016.11.24-16.53.38:499][117]SourceControl: Info 	new file:   Content/StarterContent/Textures/T_Metal_Copper_D.uasset
[2016.11.24-16.53.38:499][117]SourceControl: Info 	new file:   Content/StarterContent/Textures/T_Metal_Gold_D.uasset
[2016.11.24-16.53.38:499][117]SourceControl: Info 	new file:   Content/StarterContent/Textures/T_Metal_Gold_N.uasset
[2016.11.24-16.53.38:499][117]SourceControl: Info 	new file:   Content/StarterContent/Textures/T_Metal_Rust_D.uasset
[2016.11.24-16.53.38:499][117]SourceControl: Info 	new file:   Content/StarterContent/Textures/T_Metal_Rust_N.uasset
[2016.11.24-16.53.38:499][117]SourceControl: Info 	new file:   Content/StarterContent/Textures/T_Metal_Steel_D.uasset
[2016.11.24-16.53.38:499][117]SourceControl: Info 	new file:   Content/StarterContent/Textures/T_Metal_Steel_N.uasset
[2016.11.24-16.53.38:499][117]SourceControl: Info 	new file:   Content/StarterContent/Textures/T_Perlin_Noise_M.uasset
[2016.11.24-16.53.38:499][117]SourceControl: Info 	new file:   Content/StarterContent/Textures/T_RockMesh_M.uasset
[2016.11.24-16.53.38:499][117]SourceControl: Info 	new file:   Content/StarterContent/Textures/T_RockMesh_N.uasset
[2016.11.24-16.53.38:499][117]SourceControl: Info 	new file:   Content/StarterContent/Textures/T_Rock_Basalt_D.uasset
[2016.11.24-16.53.38:499][117]SourceControl: Info 	new file:   Content/StarterContent/Textures/T_Rock_Basalt_N.uasset
[2016.11.24-16.53.38:499][117]SourceControl: Info 	new file:   Content/StarterContent/Textures/T_Rock_Marble_Polished_D.uasset
[2016.11.24-16.53.38:500][117]SourceControl: Info 	new file:   Content/StarterContent/Textures/T_Rock_Sandstone_D.uasset
[2016.11.24-16.53.38:500][117]SourceControl: Info 	new file:   Content/StarterContent/Textures/T_Rock_Sandstone_N.uasset
[2016.11.24-16.53.38:500][117]SourceControl: Info 	new file:   Content/StarterContent/Textures/T_Rock_Slate_D.uasset
[2016.11.24-16.53.38:500][117]SourceControl: Info 	new file:   Content/StarterContent/Textures/T_Rock_Slate_N.uasset
[2016.11.24-16.53.38:500][117]SourceControl: Info 	new file:   Content/StarterContent/Textures/T_Rock_Smooth_Granite_D.uasset
[2016.11.24-16.53.38:500][117]SourceControl: Info 	new file:   Content/StarterContent/Textures/T_Shelf_M.uasset
[2016.11.24-16.53.38:500][117]SourceControl: Info 	new file:   Content/StarterContent/Textures/T_Shelf_N.uasset
[2016.11.24-16.53.38:500][117]SourceControl: Info 	new file:   Content/StarterContent/Textures/T_Single_Tile_N.uasset
[2016.11.24-16.53.38:500][117]SourceControl: Info 	new file:   Content/StarterContent/Textures/T_Smoke_SubUV.uasset
[2016.11.24-16.53.38:500][117]SourceControl: Info 	new file:   Content/StarterContent/Textures/T_Smoke_Tiled_D.uasset
[2016.11.24-16.53.38:500][117]SourceControl: Info 	new file:   Content/StarterContent/Textures/T_Spark_Core.uasset
[2016.11.24-16.53.38:500][117]SourceControl: Info 	new file:   Content/StarterContent/Textures/T_Statue_M.uasset
[2016.11.24-16.53.38:500][117]SourceControl: Info 	new file:   Content/StarterContent/Textures/T_Statue_N.uasset
[2016.11.24-16.53.38:500][117]SourceControl: Info 	new file:   Content/StarterContent/Textures/T_TableRound_M.uasset
[2016.11.24-16.53.38:500][117]SourceControl: Info 	new file:   Content/StarterContent/Textures/T_TableRound_N.uasset
[2016.11.24-16.53.38:500][117]SourceControl: Info 	new file:   Content/StarterContent/Textures/T_Tech_Dot_M.uasset
[2016.11.24-16.53.38:500][117]SourceControl: Info 	new file:   Content/StarterContent/Textures/T_Tech_Dot_N.uasset
[2016.11.24-16.53.38:500][117]SourceControl: Info 	new file:   Content/StarterContent/Textures/T_Tech_Hex_Tile_M.uasset
[2016.11.24-16.53.38:500][117]SourceControl: Info 	new file:   Content/StarterContent/Textures/T_Tech_Hex_Tile_N.uasset
[2016.11.24-16.53.38:500][117]SourceControl: Info 	new file:   Content/StarterContent/Textures/T_Tech_Panel_M.uasset
[2016.11.24-16.53.38:500][117]SourceControl: Info 	new file:   Content/StarterContent/Textures/T_Tech_Panel_N.uasset
[2016.11.24-16.53.38:500][117]SourceControl: Info 	new file:   Content/StarterContent/Textures/T_Water_M.uasset
[2016.11.24-16.53.38:500][117]SourceControl: Info 	new file:   Content/StarterContent/Textures/T_Water_N.uasset
[2016.11.24-16.53.38:500][117]SourceControl: Info 	new file:   Content/StarterContent/Textures/T_Wood_Floor_Walnut_D.uasset
[2016.11.24-16.53.38:500][117]SourceControl: Info 	new file:   Content/StarterContent/Textures/T_Wood_Floor_Walnut_M.uasset
[2016.11.24-16.53.38:500][117]SourceControl: Info 	new file:   Content/StarterContent/Textures/T_Wood_Floor_Walnut_N.uasset
[2016.11.24-16.53.38:500][117]SourceControl: Info 	new file:   Content/StarterContent/Textures/T_Wood_Oak_D.uasset
[2016.11.24-16.53.38:500][117]SourceControl: Info 	new file:   Content/StarterContent/Textures/T_Wood_Oak_N.uasset
[2016.11.24-16.53.38:501][117]SourceControl: Info 	new file:   Content/StarterContent/Textures/T_Wood_Pine_D.uasset
[2016.11.24-16.53.38:501][117]SourceControl: Info 	new file:   Content/StarterContent/Textures/T_Wood_Pine_N.uasset
[2016.11.24-16.53.38:501][117]SourceControl: Info 	new file:   Content/StarterContent/Textures/T_Wood_Walnut_D.uasset
[2016.11.24-16.53.38:501][117]SourceControl: Info 	new file:   Content/StarterContent/Textures/T_Wood_Walnut_N.uasset
[2016.11.24-16.53.38:501][117]SourceControl: Info 	new file:   Content/StarterContent/Textures/T_ground_Moss_D.uasset
[2016.11.24-16.53.38:501][117]SourceControl: Info 	new file:   Content/ThirdPersonBP/Blueprints/AICharacter.uasset
[2016.11.24-16.53.38:501][117]SourceControl: Info 	new file:   Content/ThirdPersonBP/Blueprints/HUDPlayer.uasset
[2016.11.24-16.53.38:501][117]SourceControl: Info 	modified:   Content/ThirdPersonBP/Blueprints/ThirdPersonCharacter.uasset
[2016.11.24-16.53.38:501][117]SourceControl: Info 	deleted:    Content/ThirdPersonBP/ThirdPersonOverview.uasset
[2016.11.24-16.53.38:501][117]SourceControl: Info Changes not staged for commit:
[2016.11.24-16.53.38:501][117]SourceControl: Info   (use "git add/rm <file>..." to update what will be committed)
[2016.11.24-16.53.38:501][117]SourceControl: Info   (use "git checkout -- <file>..." to discard changes in working directory)
[2016.11.24-16.53.38:501][117]SourceControl: Info 	modified:   Config/DefaultEditor.ini
[2016.11.24-16.53.38:501][117]SourceControl: Info 	modified:   Config/DefaultEngine.ini
[2016.11.24-16.53.38:501][117]SourceControl: Info 	modified:   Content/Blueprints/BP_Items.uasset
[2016.11.24-16.53.38:501][117]SourceControl: Info 	modified:   Content/Blueprints/BP_LifeSubs.uasset
[2016.11.24-16.53.38:501][117]SourceControl: Info 	modified:   Content/Character/Mannequin/Animations/ThirdPerson_IdleRun_2D.uasset
[2016.11.24-16.53.38:501][117]SourceControl: Info 	modified:   Content/Maps/Mobup.umap
[2016.11.24-16.53.38:501][117]SourceControl: Info 	modified:   Content/StarterContent/Architecture/Floor_400x400.uasset
[2016.11.24-16.53.38:501][117]SourceControl: Info 	modified:   Content/ThirdPersonBP/Blueprints/AICharacter.uasset
[2016.11.24-16.53.38:501][117]SourceControl: Info 	modified:   Content/ThirdPersonBP/Blueprints/HUDPlayer.uasset
[2016.11.24-16.53.38:501][117]SourceControl: Info 	modified:   Content/ThirdPersonBP/Blueprints/ThirdPersonGameMode.uasset
[2016.11.24-16.53.38:501][117]SourceControl: Info 	modified:   Intermediate/CachedAssetRegistry.bin
[2016.11.24-16.53.38:501][117]SourceControl: Info 	modified:   Intermediate/Config/CoalescedSourceConfigs/Engine.ini
[2016.11.24-16.53.38:501][117]SourceControl: Info 	modified:   Saved/AutoScreenshot.png
[2016.11.24-16.53.38:501][117]SourceControl: Info 	modified:   Saved/Autosaves/Game/UEDPCMobup.umap
[2016.11.24-16.53.38:501][117]SourceControl: Info 	modified:   Saved/Autosaves/Temp/UEDPCUntitled_1.umap
[2016.11.24-16.53.38:501][117]SourceControl: Info 	modified:   Saved/Config/Windows/Editor.ini
[2016.11.24-16.53.38:501][117]SourceControl: Info 	modified:   Saved/Config/Windows/EditorPerProjectUserSettings.ini
[2016.11.24-16.53.38:501][117]SourceControl: Info 	modified:   Saved/Config/Windows/Engine.ini
[2016.11.24-16.53.38:501][117]SourceControl: Info 	deleted:    Saved/Logs/Mobup-backup-2016.10.16-00.51.27.log
[2016.11.24-16.53.38:501][117]SourceControl: Info 	deleted:    Saved/Logs/Mobup-backup-2016.10.16-12.32.51.log
[2016.11.24-16.53.38:502][117]SourceControl: Info 	modified:   Saved/Logs/Mobup.log
[2016.11.24-16.53.38:502][117]SourceControl: Info 	deleted:    Saved/Logs/Mobup_2-backup-2016.10.15-22.51.11.log
[2016.11.24-16.53.38:502][117]SourceControl: Info 	deleted:    Saved/Logs/Mobup_2-backup-2016.10.15-23.05.00.log
[2016.11.24-16.53.38:502][117]SourceControl: Info 	deleted:    Saved/Logs/Mobup_2-backup-2016.10.15-23.06.45.log
[2016.11.24-16.53.38:502][117]SourceControl: Info 	deleted:    Saved/Logs/Mobup_2-backup-2016.10.15-23.09.28.log
[2016.11.24-16.53.38:502][117]SourceControl: Info 	deleted:    Saved/Logs/Mobup_2-backup-2016.10.16-00.50.13.log
[2016.11.24-16.53.38:502][117]SourceControl: Info 	deleted:    Saved/Logs/Mobup_2-backup-2016.10.16-13.10.10.log
[2016.11.24-16.53.38:502][117]SourceControl: Info 	modified:   Saved/Logs/Mobup_2.log
[2016.11.24-16.53.38:502][117]SourceControl: Info 	deleted:    Saved/Logs/UE4CC-Windows-0301FEF54B5229F844F21889431524A8/CrashReportClient.ini
[2016.11.24-16.53.38:502][117]SourceControl: Info 	deleted:    Saved/Logs/UE4CC-Windows-C59D1C564275438BEAC7E0A4F390456D/CrashReportClient.ini
[2016.11.24-16.53.38:502][117]SourceControl: Info 	deleted:    Saved/Logs/UE4CC-Windows-E10211F6428C4357348E2DA6525C07EF/CrashReportClient.ini
[2016.11.24-16.53.38:502][117]SourceControl: Info Untracked files:
[2016.11.24-16.53.38:502][117]SourceControl: Info   (use "git add <file>..." to include in what will be committed)
[2016.11.24-16.53.38:502][117]SourceControl: Info 	Content/AnimStarterPack/
[2016.11.24-16.53.38:502][117]SourceControl: Info 	Saved/Autosaves/Game/Blueprints/
[2016.11.24-16.53.38:502][117]SourceControl: Info 	Saved/Autosaves/Game/Character/
[2016.11.24-16.53.38:502][117]SourceControl: Info 	Saved/Autosaves/Game/Maps/
[2016.11.24-16.53.38:502][117]SourceControl: Info 	Saved/Autosaves/Game/ThirdPersonBP/
[2016.11.24-16.53.38:502][117]SourceControl: Info 	Saved/Autosaves/Temp/Untitled_1_Auto1.umap
[2016.11.24-16.53.38:502][117]SourceControl: Info 	Saved/Backup/AICharacter_2016-11-25-00-41-42.uasset
[2016.11.24-16.53.38:502][117]SourceControl: Info 	Saved/Backup/BP_Items_2016-11-04-16-09-23.uasset
[2016.11.24-16.53.38:502][117]SourceControl: Info 	Saved/Backup/BP_Items_2016-11-04-16-16-02.uasset
[2016.11.24-16.53.38:502][117]SourceControl: Info 	Saved/Backup/BP_Items_2016-11-04-16-23-19.uasset
[2016.11.24-16.53.38:502][117]SourceControl: Info 	Saved/Backup/BP_Items_2016-11-04-16-29-07.uasset
[2016.11.24-16.53.38:502][117]SourceControl: Info 	Saved/Backup/BP_Items_2016-11-04-16-38-50.uasset
[2016.11.24-16.53.38:502][117]SourceControl: Info 	Saved/Backup/BP_Items_2016-11-04-16-48-41.uasset
[2016.11.24-16.53.38:503][117]SourceControl: Info 	Saved/Backup/BP_Items_2016-11-04-16-56-25.uasset
[2016.11.24-16.53.38:503][117]SourceControl: Info 	Saved/Backup/BP_Items_2016-11-04-17-01-55.uasset
[2016.11.24-16.53.38:503][117]SourceControl: Info 	Saved/Backup/BP_Items_2016-11-04-17-07-41.uasset
[2016.11.24-16.53.38:503][117]SourceControl: Info 	Saved/Backup/BP_Items_2016-11-04-17-23-00.uasset
[2016.11.24-16.53.38:503][117]SourceControl: Info 	Saved/Backup/BP_Items_2016-11-04-17-30-04.uasset
[2016.11.24-16.53.38:503][117]SourceControl: Info 	Saved/Backup/BP_Items_2016-11-04-17-54-25.uasset
[2016.11.24-16.53.38:503][117]SourceControl: Info 	Saved/Backup/BP_Items_2016-11-04-18-01-44.uasset
[2016.11.24-16.53.38:503][117]SourceControl: Info 	Saved/Backup/BP_LifeSubs_2016-11-04-18-17-17.uasset
[2016.11.24-16.53.38:503][117]SourceControl: Info 	Saved/Backup/BP_LifeSubs_2016-11-04-18-22-55.uasset
[2016.11.24-16.53.38:503][117]SourceControl: Info 	Saved/Backup/BP_LifeSubs_2016-11-04-18-31-09.uasset
[2016.11.24-16.53.38:503][117]SourceControl: Info 	Saved/Backup/BP_LifeSubs_2016-11-24-23-59-26.uasset
[2016.11.24-16.53.38:503][117]SourceControl: Info 	Saved/Backup/Floor_400x400_2016-11-04-16-14-30.uasset
[2016.11.24-16.53.38:503][117]SourceControl: Info 	Saved/Backup/HUDPlayer_2016-11-02-21-17-10.uasset
[2016.11.24-16.53.38:503][117]SourceControl: Info 	Saved/Backup/HUDPlayer_2016-11-02-21-23-19.uasset
[2016.11.24-16.53.38:503][117]SourceControl: Info 	Saved/Backup/HUDPlayer_2016-11-02-21-28-44.uasset
[2016.11.24-16.53.38:503][117]SourceControl: Info 	Saved/Backup/HUDPlayer_2016-11-02-21-36-04.uasset
[2016.11.24-16.53.38:503][117]SourceControl: Info 	Saved/Backup/HUDPlayer_2016-11-02-21-41-05.uasset
[2016.11.24-16.53.38:503][117]SourceControl: Info 	Saved/Backup/HUDPlayer_2016-11-02-21-46-52.uasset
[2016.11.24-16.53.38:503][117]SourceControl: Info 	Saved/Backup/HUDPlayer_2016-11-02-21-59-17.uasset
[2016.11.24-16.53.38:503][117]SourceControl: Info 	Saved/Backup/HUDPlayer_2016-11-02-23-01-03.uasset
[2016.11.24-16.53.38:503][117]SourceControl: Info 	Saved/Backup/HUDPlayer_2016-11-02-23-15-39.uasset
[2016.11.24-16.53.38:503][117]SourceControl: Info 	Saved/Backup/HUDPlayer_2016-11-02-23-42-27.uasset
[2016.11.24-16.53.38:503][117]SourceControl: Info 	Saved/Backup/HUDPlayer_2016-11-02-23-48-36.uasset
[2016.11.24-16.53.38:503][117]SourceControl: Info 	Saved/Backup/HUDPlayer_2016-11-03-00-01-20.uasset
[2016.11.24-16.53.38:503][117]SourceControl: Info 	Saved/Backup/HUDPlayer_2016-11-03-00-18-53.uasset
[2016.11.24-16.53.38:503][117]SourceControl: Info 	Saved/Backup/HUDPlayer_2016-11-03-00-30-42.uasset
[2016.11.24-16.53.38:503][117]SourceControl: Info 	Saved/Backup/HUDPlayer_2016-11-03-00-45-40.uasset
[2016.11.24-16.53.38:503][117]SourceControl: Info 	Saved/Backup/HUDPlayer_2016-11-03-00-50-41.uasset
[2016.11.24-16.53.38:503][117]SourceControl: Info 	Saved/Backup/HUDPlayer_2016-11-03-00-58-37.uasset
[2016.11.24-16.53.38:503][117]SourceControl: Info 	Saved/Backup/HUDPlayer_2016-11-04-17-46-11.uasset
[2016.11.24-16.53.38:503][117]SourceControl: Info 	Saved/Backup/ML_GlossyBlack_Latex_UE4_2016-11-02-20-53-20.uasset
[2016.11.24-16.53.38:503][117]SourceControl: Info 	Saved/Backup/ML_Plastic_Shiny_Beige_2016-11-02-20-53-20.uasset
[2016.11.24-16.53.38:504][117]SourceControl: Info 	Saved/Backup/ML_Plastic_Shiny_Beige_LOGO_2016-11-02-20-53-19.uasset
[2016.11.24-16.53.38:504][117]SourceControl: Info 	Saved/Backup/ML_SoftMetal_UE4_2016-11-02-20-53-18.uasset
[2016.11.24-16.53.38:504][117]SourceControl: Info 	Saved/Backup/M_UE4Man_Body_2016-11-02-20-53-16.uasset
[2016.11.24-16.53.38:504][117]SourceControl: Info 	Saved/Backup/M_UE4Man_ChestLogo_2016-11-02-20-53-16.uasset
[2016.11.24-16.53.38:504][117]SourceControl: Info 	Saved/Backup/Mobup_2016-10-16-14-51-40.umap
[2016.11.24-16.53.38:504][117]SourceControl: Info 	Saved/Backup/Mobup_2016-10-16-18-32-18.umap
[2016.11.24-16.53.38:504][117]SourceControl: Info 	Saved/Backup/Mobup_2016-10-16-18-57-24.umap
[2016.11.24-16.53.38:504][117]SourceControl: Info 	Saved/Backup/Mobup_2016-10-16-20-05-46.umap
[2016.11.24-16.53.38:504][117]SourceControl: Info 	Saved/Backup/Mobup_2016-11-02-20-49-01.umap
[2016.11.24-16.53.38:504][117]SourceControl: Info 	Saved/Backup/Mobup_2016-11-02-20-54-01.umap
[2016.11.24-16.53.38:504][117]SourceControl: Info 	Saved/Backup/Mobup_2016-11-02-21-03-22.umap
[2016.11.24-16.53.38:504][117]SourceControl: Info 	Saved/Backup/Mobup_2016-11-02-21-21-40.umap
[2016.11.24-16.53.38:504][117]SourceControl: Info 	Saved/Backup/Mobup_2016-11-02-21-30-59.umap
[2016.11.24-16.53.38:504][117]SourceControl: Info 	Saved/Backup/Mobup_2016-11-02-21-39-36.umap
[2016.11.24-16.53.38:504][117]SourceControl: Info 	Saved/Backup/Mobup_2016-11-02-21-45-28.umap
[2016.11.24-16.53.38:504][117]SourceControl: Info 	Saved/Backup/Mobup_2016-11-02-21-59-49.umap
[2016.11.24-16.53.38:504][117]SourceControl: Info 	Saved/Backup/Mobup_2016-11-02-22-08-10.umap
[2016.11.24-16.53.38:504][117]SourceControl: Info 	Saved/Backup/Mobup_2016-11-02-22-15-11.umap
[2016.11.24-16.53.38:504][117]SourceControl: Info 	Saved/Backup/Mobup_2016-11-02-23-01-16.umap
[2016.11.24-16.53.38:504][117]SourceControl: Info 	Saved/Backup/Mobup_2016-11-02-23-11-58.umap
[2016.11.24-16.53.38:504][117]SourceControl: Info 	Saved/Backup/Mobup_2016-11-02-23-22-55.umap
[2016.11.24-16.53.38:504][117]SourceControl: Info 	Saved/Backup/Mobup_2016-11-02-23-30-14.umap
[2016.11.24-16.53.38:504][117]SourceControl: Info 	Saved/Backup/Mobup_2016-11-02-23-36-20.umap
[2016.11.24-16.53.38:504][117]SourceControl: Info 	Saved/Backup/Mobup_2016-11-03-00-01-34.umap
[2016.11.24-16.53.38:504][117]SourceControl: Info 	Saved/Backup/Mobup_2016-11-03-00-08-14.umap
[2016.11.24-16.53.38:504][117]SourceControl: Info 	Saved/Backup/Mobup_2016-11-03-00-19-05.umap
[2016.11.24-16.53.38:504][117]SourceControl: Info 	Saved/Backup/Mobup_2016-11-03-00-45-40.umap
[2016.11.24-16.53.38:504][117]SourceControl: Info 	Saved/Backup/Mobup_2016-11-03-00-50-43.umap
[2016.11.24-16.53.38:504][117]SourceControl: Info 	Saved/Backup/Mobup_2016-11-03-00-58-39.umap
[2016.11.24-16.53.38:504][117]SourceControl: Info 	Saved/Backup/Mobup_2016-11-03-01-07-56.umap
[2016.11.24-16.53.38:504][117]SourceControl: Info 	Saved/Backup/Mobup_2016-11-04-16-25-18.umap
[2016.11.24-16.53.38:504][117]SourceControl: Info 	Saved/Backup/Mobup_2016-11-04-16-38-50.umap
[2016.11.24-16.53.38:505][117]SourceControl: Info 	Saved/Backup/Mobup_2016-11-04-16-48-41.umap
[2016.11.24-16.53.38:505][117]SourceControl: Info 	Saved/Backup/Mobup_2016-11-04-16-54-16.umap
[2016.11.24-16.53.38:505][117]SourceControl: Info 	Saved/Backup/Mobup_2016-11-04-17-00-02.umap
[2016.11.24-16.53.38:505][117]SourceControl: Info 	Saved/Backup/Mobup_2016-11-04-17-05-13.umap
[2016.11.24-16.53.38:505][117]SourceControl: Info 	Saved/Backup/Mobup_2016-11-04-17-15-28.umap
[2016.11.24-16.53.38:505][117]SourceControl: Info 	Saved/Backup/Mobup_2016-11-04-17-23-02.umap
[2016.11.24-16.53.38:505][117]SourceControl: Info 	Saved/Backup/Mobup_2016-11-04-17-28-06.umap
[2016.11.24-16.53.38:505][117]SourceControl: Info 	Saved/Backup/Mobup_2016-11-04-17-33-20.umap
[2016.11.24-16.53.38:505][117]SourceControl: Info 	Saved/Backup/Mobup_2016-11-04-17-46-39.umap
[2016.11.24-16.53.38:505][117]SourceControl: Info 	Saved/Backup/Mobup_2016-11-04-17-54-28.umap
[2016.11.24-16.53.38:505][117]SourceControl: Info 	Saved/Backup/Mobup_2016-11-04-18-03-13.umap
[2016.11.24-16.53.38:505][117]SourceControl: Info 	Saved/Backup/Mobup_2016-11-04-18-12-03.umap
[2016.11.24-16.53.38:505][117]SourceControl: Info 	Saved/Backup/Mobup_2016-11-04-18-23-28.umap
[2016.11.24-16.53.38:505][117]SourceControl: Info 	Saved/Backup/Mobup_2016-11-04-18-29-49.umap
[2016.11.24-16.53.38:505][117]SourceControl: Info 	Saved/Backup/Mobup_2016-11-04-18-35-23.umap
[2016.11.24-16.53.38:505][117]SourceControl: Info 	Saved/Backup/Mobup_2016-11-04-18-41-31.umap
[2016.11.24-16.53.38:505][117]SourceControl: Info 	Saved/Backup/Mobup_2016-11-04-18-51-39.umap
[2016.11.24-16.53.38:505][117]SourceControl: Info 	Saved/Backup/Mobup_2016-11-24-23-55-38.umap
[2016.11.24-16.53.38:505][117]SourceControl: Info 	Saved/Backup/Mobup_2016-11-25-00-07-43.umap
[2016.11.24-16.53.38:505][117]SourceControl: Info 	Saved/Backup/Mobup_2016-11-25-00-32-03.umap
[2016.11.24-16.53.38:505][117]SourceControl: Info 	Saved/Backup/Mobup_2016-11-25-00-41-36.umap
[2016.11.24-16.53.38:505][117]SourceControl: Info 	Saved/Backup/Mobup_2016-11-25-00-47-47.umap
[2016.11.24-16.53.38:505][117]SourceControl: Info 	Saved/Backup/Mobup_2016-11-25-00-52-59.umap
[2016.11.24-16.53.38:505][117]SourceControl: Info 	Saved/Backup/SK_Mannequin_2016-11-02-20-53-15.uasset
[2016.11.24-16.53.38:505][117]SourceControl: Info 	Saved/Backup/SK_Mannequin_PhysicsAsset_2016-11-02-20-53-15.uasset
[2016.11.24-16.53.38:505][117]SourceControl: Info 	Saved/Backup/T_ML_Aluminum01_2016-11-02-20-53-19.uasset
[2016.11.24-16.53.38:506][117]SourceControl: Info 	Saved/Backup/T_ML_Aluminum01_N_2016-11-02-20-53-18.uasset
[2016.11.24-16.53.38:506][117]SourceControl: Info 	Saved/Backup/T_ML_Rubber_Blue_01_D_2016-11-02-20-53-21.uasset
[2016.11.24-16.53.38:506][117]SourceControl: Info 	Saved/Backup/T_ML_Rubber_Blue_01_N_2016-11-02-20-53-21.uasset
[2016.11.24-16.53.38:506][117]SourceControl: Info 	Saved/Backup/ThirdPersonCharacter_2016-11-02-21-03-22.uasset
[2016.11.24-16.53.38:506][117]SourceControl: Info 	Saved/Backup/ThirdPersonCharacter_2016-11-02-21-18-48.uasset
[2016.11.24-16.53.38:506][117]SourceControl: Info 	Saved/Backup/ThirdPersonCharacter_2016-11-02-21-25-07.uasset
[2016.11.24-16.53.38:506][117]SourceControl: Info 	Saved/Backup/ThirdPersonCharacter_2016-11-02-22-05-36.uasset
[2016.11.24-16.53.38:506][117]SourceControl: Info 	Saved/Backup/ThirdPersonCharacter_2016-11-02-22-13-01.uasset
[2016.11.24-16.53.38:506][117]SourceControl: Info 	Saved/Backup/ThirdPersonCharacter_2016-11-02-22-45-44.uasset
[2016.11.24-16.53.38:506][117]SourceControl: Info 	Saved/Backup/ThirdPersonCharacter_2016-11-02-22-52-22.uasset
[2016.11.24-16.53.38:506][117]SourceControl: Info 	Saved/Backup/ThirdPersonCharacter_2016-11-02-22-58-47.uasset
[2016.11.24-16.53.38:506][117]SourceControl: Info 	Saved/Backup/ThirdPersonCharacter_2016-11-02-23-05-38.uasset
[2016.11.24-16.53.38:506][117]SourceControl: Info 	Saved/Backup/ThirdPersonCharacter_2016-11-02-23-15-01.uasset
[2016.11.24-16.53.38:506][117]SourceControl: Info 	Saved/Backup/ThirdPersonCharacter_2016-11-02-23-22-51.uasset
[2016.11.24-16.53.38:506][117]SourceControl: Info 	Saved/Backup/ThirdPersonCharacter_2016-11-02-23-29-43.uasset
[2016.11.24-16.53.38:506][117]SourceControl: Info 	Saved/Backup/ThirdPersonCharacter_2016-11-02-23-35-08.uasset
[2016.11.24-16.53.38:506][117]SourceControl: Info 	Saved/Backup/ThirdPersonCharacter_2016-11-02-23-44-46.uasset
[2016.11.24-16.53.38:506][117]SourceControl: Info 	Saved/Backup/ThirdPersonCharacter_2016-11-04-16-26-03.uasset
[2016.11.24-16.53.38:506][117]SourceControl: Info 	Saved/Backup/ThirdPersonCharacter_2016-11-04-16-54-10.uasset
[2016.11.24-16.53.38:506][117]SourceControl: Info 	Saved/Backup/ThirdPersonCharacter_2016-11-04-17-00-00.uasset
[2016.11.24-16.53.38:506][117]SourceControl: Info 	Saved/Backup/ThirdPersonCharacter_2016-11-04-17-15-28.uasset
[2016.11.24-16.53.38:506][117]SourceControl: Info 	Saved/Backup/ThirdPersonCharacter_2016-11-04-17-27-33.uasset
[2016.11.24-16.53.38:506][117]SourceControl: Info 	Saved/Backup/ThirdPersonCharacter_2016-11-04-18-06-44.uasset
[2016.11.24-16.53.38:506][117]SourceControl: Info 	Saved/Backup/ThirdPersonCharacter_2016-11-04-18-12-03.uasset
[2016.11.24-16.53.38:506][117]SourceControl: Info 	Saved/Backup/ThirdPersonCharacter_2016-11-04-18-29-46.uasset
[2016.11.24-16.53.38:506][117]SourceControl: Info 	Saved/Backup/ThirdPersonCharacter_2016-11-04-18-36-59.uasset
[2016.11.24-16.53.38:506][117]SourceControl: Info 	Saved/Backup/ThirdPersonGameMode_2016-11-03-00-12-00.uasset
[2016.11.24-16.53.38:507][117]SourceControl: Info 	Saved/Backup/ThirdPersonGameMode_2016-11-03-00-57-34.uasset
[2016.11.24-16.53.38:507][117]SourceControl: Info 	Saved/Backup/ThirdPersonGameMode_2016-11-03-01-07-21.uasset
[2016.11.24-16.53.38:507][117]SourceControl: Info 	Saved/Backup/ThirdPersonGameMode_2016-11-04-16-48-31.uasset
[2016.11.24-16.53.38:507][117]SourceControl: Info 	Saved/Backup/ThirdPersonGameMode_2016-11-04-17-34-32.uasset
[2016.11.24-16.53.38:507][117]SourceControl: Info 	Saved/Backup/ThirdPersonGameMode_2016-11-04-18-01-30.uasset
[2016.11.24-16.53.38:507][117]SourceControl: Info 	Saved/Backup/ThirdPersonIdle_2016-11-02-20-53-24.uasset
[2016.11.24-16.53.38:507][117]SourceControl: Info 	Saved/Backup/ThirdPersonJump_End_2016-11-02-20-53-26.uasset
[2016.11.24-16.53.38:507][117]SourceControl: Info 	Saved/Backup/ThirdPersonJump_Loop_2016-11-02-20-53-25.uasset
[2016.11.24-16.53.38:507][117]SourceControl: Info 	Saved/Backup/ThirdPersonJump_Start_2016-11-02-20-53-25.uasset
[2016.11.24-16.53.38:507][117]SourceControl: Info 	Saved/Backup/ThirdPersonRun_2016-11-02-20-53-24.uasset
[2016.11.24-16.53.38:507][117]SourceControl: Info 	Saved/Backup/ThirdPersonWalk_2016-11-02-20-53-23.uasset
[2016.11.24-16.53.38:507][117]SourceControl: Info 	Saved/Backup/ThirdPerson_AnimBP_2016-11-02-20-53-22.uasset
[2016.11.24-16.53.38:507][117]SourceControl: Info 	Saved/Backup/ThirdPerson_IdleRun_2D_2016-11-02-20-53-23.uasset
[2016.11.24-16.53.38:507][117]SourceControl: Info 	Saved/Backup/ThirdPerson_IdleRun_2D_2016-11-02-23-29-07.uasset
[2016.11.24-16.53.38:507][117]SourceControl: Info 	Saved/Backup/ThirdPerson_Jump_2016-11-02-20-53-26.uasset
[2016.11.24-16.53.38:507][117]SourceControl: Info 	Saved/Backup/UE4Man_Logo_N_2016-11-02-20-53-16.uasset
[2016.11.24-16.53.38:507][117]SourceControl: Info 	Saved/Backup/UE4_LOGO_CARD_2016-11-02-20-53-19.uasset
[2016.11.24-16.53.38:507][117]SourceControl: Info 	Saved/Backup/UE4_Mannequin_MAT_MASKA_2016-11-02-20-53-16.uasset
[2016.11.24-16.53.38:507][117]SourceControl: Info 	Saved/Backup/UE4_Mannequin_Skeleton_2016-11-02-20-53-26.uasset
[2016.11.24-16.53.38:507][117]SourceControl: Info 	Saved/Backup/UE4_Mannequin__normals_2016-11-02-20-53-17.uasset
[2016.11.24-16.53.38:507][117]SourceControl: Info 	Saved/Config/Windows/Keyboard Shortcuts Backup 2016-11-25 003016.ini
[2016.11.24-16.53.38:507][117]SourceControl: Info 	Saved/Config/WorldState/3300677483.json
[2016.11.24-16.53.38:507][117]SourceControl: Info 	Saved/Logs/Mobup-backup-2016.11.25-00.53.21.log
[2016.11.24-16.53.38:507][117]SourceControl: Info 	Saved/Logs/Mobup_2-backup-2016.11.25-00.00.10.log
[2016.11.24-16.53